The system is: Linux - 5.15.0-58-generic - x86_64
Compiling the C compiler identification source file "CMakeCCompilerId.c" succeeded.
Compiler: /usr/bin/gcc-12 
Build flags: 
Id flags:  

The output was:
0


Compilation of the C compiler identification source "CMakeCCompilerId.c" produced "a.out"

The C compiler identification is GNU, found in "/home/guy/Documents/Semestre_8/Moteur_3D/project_renderer/build/CMakeFiles/3.22.1/CompilerIdC/a.out"

Compiling the CXX compiler identification source file "CMakeCXXCompilerId.cpp" succeeded.
Compiler: /usr/bin/c++ 
Build flags: 
Id flags:  

The output was:
0


Compilation of the CXX compiler identification source "CMakeCXXCompilerId.cpp" produced "a.out"

The CXX compiler identification is GNU, found in "/home/guy/Documents/Semestre_8/Moteur_3D/project_renderer/build/CMakeFiles/3.22.1/CompilerIdCXX/a.out"

Detecting C compiler ABI info compiled with the following output:
Change Dir: /home/guy/Documents/Semestre_8/Moteur_3D/project_renderer/build/CMakeFiles/CMakeTmp

Run Build Command(s):/usr/bin/gmake -f Makefile cmTC_e4fb7/fast && /usr/bin/gmake  -f CMakeFiles/cmTC_e4fb7.dir/build.make CMakeFiles/cmTC_e4fb7.dir/build
gmake[1]: Entering directory '/home/guy/Documents/Semestre_8/Moteur_3D/project_renderer/build/CMakeFiles/CMakeTmp'
Building C object CMakeFiles/cmTC_e4fb7.dir/CMakeCCompilerABI.c.o
/usr/bin/gcc-12   -v -o CMakeFiles/cmTC_e4fb7.dir/CMakeCCompilerABI.c.o -c /usr/share/cmake-3.22/Modules/CMakeCCompilerABI.c
Using built-in specs.
COLLECT_GCC=/usr/bin/gcc-12
OFFLOAD_TARGET_NAMES=nvptx-none:amdgcn-amdhsa
OFFLOAD_TARGET_DEFAULT=1
Target: x86_64-linux-gnu
Configured with: ../src/configure -v --with-pkgversion='Ubuntu 12.1.0-2ubuntu1~22.04' --with-bugurl=file:///usr/share/doc/gcc-12/README.Bugs --enable-languages=c,ada,c++,go,d,fortran,objc,obj-c++,m2 --prefix=/usr --with-gcc-major-version-only --program-suffix=-12 --program-prefix=x86_64-linux-gnu- --enable-shared --enable-linker-build-id --libexecdir=/usr/lib --without-included-gettext --enable-threads=posix --libdir=/usr/lib --enable-nls --enable-clocale=gnu --enable-libstdcxx-debug --enable-libstdcxx-time=yes --with-default-libstdcxx-abi=new --enable-gnu-unique-object --disable-vtable-verify --enable-plugin --enable-default-pie --with-system-zlib --enable-libphobos-checking=release --with-target-system-zlib=auto --enable-objc-gc=auto --enable-multiarch --disable-werror --enable-cet --with-arch-32=i686 --with-abi=m64 --with-multilib-list=m32,m64,mx32 --enable-multilib --with-tune=generic --enable-offload-targets=nvptx-none=/build/gcc-12-sZcx2y/gcc-12-12.1.0/debian/tmp-nvptx/usr,amdgcn-amdhsa=/build/gcc-12-sZcx2y/gcc-12-12.1.0/debian/tmp-gcn/usr --enable-offload-defaulted --without-cuda-driver --enable-checking=release --build=x86_64-linux-gnu --host=x86_64-linux-gnu --target=x86_64-linux-gnu
Thread model: posix
Supported LTO compression algorithms: zlib zstd
gcc version 12.1.0 (Ubuntu 12.1.0-2ubuntu1~22.04) 
COLLECT_GCC_OPTIONS='-v' '-o' 'CMakeFiles/cmTC_e4fb7.dir/CMakeCCompilerABI.c.o' '-c' '-mtune=generic' '-march=x86-64' '-dumpdir' 'CMakeFiles/cmTC_e4fb7.dir/'
 /usr/lib/gcc/x86_64-linux-gnu/12/cc1 -quiet -v -imultiarch x86_64-linux-gnu /usr/share/cmake-3.22/Modules/CMakeCCompilerABI.c -quiet -dumpdir CMakeFiles/cmTC_e4fb7.dir/ -dumpbase CMakeCCompilerABI.c.c -dumpbase-ext .c -mtune=generic -march=x86-64 -version -fasynchronous-unwind-tables -fstack-protector-strong -Wformat -Wformat-security -fstack-clash-protection -fcf-protection -o /tmp/cchVpaV9.s
GNU C17 (Ubuntu 12.1.0-2ubuntu1~22.04) version 12.1.0 (x86_64-linux-gnu)
	compiled by GNU C version 12.1.0, GMP version 6.2.1, MPFR version 4.1.0, MPC version 1.2.1, isl version isl-0.24-GMP

GGC heuristics: --param ggc-min-expand=100 --param ggc-min-heapsize=131072
ignoring nonexistent directory "/usr/local/include/x86_64-linux-gnu"
ignoring nonexistent directory "/usr/lib/gcc/x86_64-linux-gnu/12/include-fixed"
ignoring nonexistent directory "/usr/lib/gcc/x86_64-linux-gnu/12/../../../../x86_64-linux-gnu/include"
#include "..." search starts here:
#include <...> search starts here:
 /usr/lib/gcc/x86_64-linux-gnu/12/include
 /usr/local/include
 /usr/include/x86_64-linux-gnu
 /usr/include
End of search list.
GNU C17 (Ubuntu 12.1.0-2ubuntu1~22.04) version 12.1.0 (x86_64-linux-gnu)
	compiled by GNU C version 12.1.0, GMP version 6.2.1, MPFR version 4.1.0, MPC version 1.2.1, isl version isl-0.24-GMP

GGC heuristics: --param ggc-min-expand=100 --param ggc-min-heapsize=131072
Compiler executable checksum: 0cc9f278f08689af2f7133754f8967b8
COLLECT_GCC_OPTIONS='-v' '-o' 'CMakeFiles/cmTC_e4fb7.dir/CMakeCCompilerABI.c.o' '-c' '-mtune=generic' '-march=x86-64' '-dumpdir' 'CMakeFiles/cmTC_e4fb7.dir/'
 as -v --64 -o CMakeFiles/cmTC_e4fb7.dir/CMakeCCompilerABI.c.o /tmp/cchVpaV9.s
GNU assembler version 2.38 (x86_64-linux-gnu) using BFD version (GNU Binutils for Ubuntu) 2.38
COMPILER_PATH=/usr/lib/gcc/x86_64-linux-gnu/12/:/usr/lib/gcc/x86_64-linux-gnu/12/:/usr/lib/gcc/x86_64-linux-gnu/:/usr/lib/gcc/x86_64-linux-gnu/12/:/usr/lib/gcc/x86_64-linux-gnu/
LIBRARY_PATH=/usr/lib/gcc/x86_64-linux-gnu/12/:/usr/lib/gcc/x86_64-linux-gnu/12/../../../x86_64-linux-gnu/:/usr/lib/gcc/x86_64-linux-gnu/12/../../../../lib/:/lib/x86_64-linux-gnu/:/lib/../lib/:/usr/lib/x86_64-linux-gnu/:/usr/lib/../lib/:/usr/lib/gcc/x86_64-linux-gnu/12/../../../:/lib/:/usr/lib/
COLLECT_GCC_OPTIONS='-v' '-o' 'CMakeFiles/cmTC_e4fb7.dir/CMakeCCompilerABI.c.o' '-c' '-mtune=generic' '-march=x86-64' '-dumpdir' 'CMakeFiles/cmTC_e4fb7.dir/CMakeCCompilerABI.c.'
Linking C executable cmTC_e4fb7
/usr/bin/cmake -E cmake_link_script CMakeFiles/cmTC_e4fb7.dir/link.txt --verbose=1
/usr/bin/gcc-12  -v -rdynamic CMakeFiles/cmTC_e4fb7.dir/CMakeCCompilerABI.c.o -o cmTC_e4fb7 
Using built-in specs.
COLLECT_GCC=/usr/bin/gcc-12
COLLECT_LTO_WRAPPER=/usr/lib/gcc/x86_64-linux-gnu/12/lto-wrapper
OFFLOAD_TARGET_NAMES=nvptx-none:amdgcn-amdhsa
OFFLOAD_TARGET_DEFAULT=1
Target: x86_64-linux-gnu
Configured with: ../src/configure -v --with-pkgversion='Ubuntu 12.1.0-2ubuntu1~22.04' --with-bugurl=file:///usr/share/doc/gcc-12/README.Bugs --enable-languages=c,ada,c++,go,d,fortran,objc,obj-c++,m2 --prefix=/usr --with-gcc-major-version-only --program-suffix=-12 --program-prefix=x86_64-linux-gnu- --enable-shared --enable-linker-build-id --libexecdir=/usr/lib --without-included-gettext --enable-threads=posix --libdir=/usr/lib --enable-nls --enable-clocale=gnu --enable-libstdcxx-debug --enable-libstdcxx-time=yes --with-default-libstdcxx-abi=new --enable-gnu-unique-object --disable-vtable-verify --enable-plugin --enable-default-pie --with-system-zlib --enable-libphobos-checking=release --with-target-system-zlib=auto --enable-objc-gc=auto --enable-multiarch --disable-werror --enable-cet --with-arch-32=i686 --with-abi=m64 --with-multilib-list=m32,m64,mx32 --enable-multilib --with-tune=generic --enable-offload-targets=nvptx-none=/build/gcc-12-sZcx2y/gcc-12-12.1.0/debian/tmp-nvptx/usr,amdgcn-amdhsa=/build/gcc-12-sZcx2y/gcc-12-12.1.0/debian/tmp-gcn/usr --enable-offload-defaulted --without-cuda-driver --enable-checking=release --build=x86_64-linux-gnu --host=x86_64-linux-gnu --target=x86_64-linux-gnu
Thread model: posix
Supported LTO compression algorithms: zlib zstd
gcc version 12.1.0 (Ubuntu 12.1.0-2ubuntu1~22.04) 
COMPILER_PATH=/usr/lib/gcc/x86_64-linux-gnu/12/:/usr/lib/gcc/x86_64-linux-gnu/12/:/usr/lib/gcc/x86_64-linux-gnu/:/usr/lib/gcc/x86_64-linux-gnu/12/:/usr/lib/gcc/x86_64-linux-gnu/
LIBRARY_PATH=/usr/lib/gcc/x86_64-linux-gnu/12/:/usr/lib/gcc/x86_64-linux-gnu/12/../../../x86_64-linux-gnu/:/usr/lib/gcc/x86_64-linux-gnu/12/../../../../lib/:/lib/x86_64-linux-gnu/:/lib/../lib/:/usr/lib/x86_64-linux-gnu/:/usr/lib/../lib/:/usr/lib/gcc/x86_64-linux-gnu/12/../../../:/lib/:/usr/lib/
COLLECT_GCC_OPTIONS='-v' '-rdynamic' '-o' 'cmTC_e4fb7' '-mtune=generic' '-march=x86-64' '-dumpdir' 'cmTC_e4fb7.'
 /usr/lib/gcc/x86_64-linux-gnu/12/collect2 -plugin /usr/lib/gcc/x86_64-linux-gnu/12/liblto_plugin.so -plugin-opt=/usr/lib/gcc/x86_64-linux-gnu/12/lto-wrapper -plugin-opt=-fresolution=/tmp/ccCC5xrq.res -plugin-opt=-pass-through=-lgcc -plugin-opt=-pass-through=-lgcc_s -plugin-opt=-pass-through=-lc -plugin-opt=-pass-through=-lgcc -plugin-opt=-pass-through=-lgcc_s --build-id --eh-frame-hdr -m elf_x86_64 --hash-style=gnu --as-needed -export-dynamic -dynamic-linker /lib64/ld-linux-x86-64.so.2 -pie -z now -z relro -o cmTC_e4fb7 /usr/lib/gcc/x86_64-linux-gnu/12/../../../x86_64-linux-gnu/Scrt1.o /usr/lib/gcc/x86_64-linux-gnu/12/../../../x86_64-linux-gnu/crti.o /usr/lib/gcc/x86_64-linux-gnu/12/crtbeginS.o -L/usr/lib/gcc/x86_64-linux-gnu/12 -L/usr/lib/gcc/x86_64-linux-gnu/12/../../../x86_64-linux-gnu -L/usr/lib/gcc/x86_64-linux-gnu/12/../../../../lib -L/lib/x86_64-linux-gnu -L/lib/../lib -L/usr/lib/x86_64-linux-gnu -L/usr/lib/../lib -L/usr/lib/gcc/x86_64-linux-gnu/12/../../.. CMakeFiles/cmTC_e4fb7.dir/CMakeCCompilerABI.c.o -lgcc --push-state --as-needed -lgcc_s --pop-state -lc -lgcc --push-state --as-needed -lgcc_s --pop-state /usr/lib/gcc/x86_64-linux-gnu/12/crtendS.o /usr/lib/gcc/x86_64-linux-gnu/12/../../../x86_64-linux-gnu/crtn.o
COLLECT_GCC_OPTIONS='-v' '-rdynamic' '-o' 'cmTC_e4fb7' '-mtune=generic' '-march=x86-64' '-dumpdir' 'cmTC_e4fb7.'
gmake[1]: Leaving directory '/home/guy/Documents/Semestre_8/Moteur_3D/project_renderer/build/CMakeFiles/CMakeTmp'



Parsed C implicit include dir info from above output: rv=done
  found start of include info
  found start of implicit include info
    add: [/usr/lib/gcc/x86_64-linux-gnu/12/include]
    add: [/usr/local/include]
    add: [/usr/include/x86_64-linux-gnu]
    add: [/usr/include]
  end of search list found
  collapse include dir [/usr/lib/gcc/x86_64-linux-gnu/12/include] ==> [/usr/lib/gcc/x86_64-linux-gnu/12/include]
  collapse include dir [/usr/local/include] ==> [/usr/local/include]
  collapse include dir [/usr/include/x86_64-linux-gnu] ==> [/usr/include/x86_64-linux-gnu]
  collapse include dir [/usr/include] ==> [/usr/include]
  implicit include dirs: [/usr/lib/gcc/x86_64-linux-gnu/12/include;/usr/local/include;/usr/include/x86_64-linux-gnu;/usr/include]


Parsed C implicit link information from above output:
  link line regex: [^( *|.*[/\])(ld|CMAKE_LINK_STARTFILE-NOTFOUND|([^/\]+-)?ld|collect2)[^/\]*( |$)]
  ignore line: [Change Dir: /home/guy/Documents/Semestre_8/Moteur_3D/project_renderer/build/CMakeFiles/CMakeTmp]
  ignore line: []
  ignore line: [Run Build Command(s):/usr/bin/gmake -f Makefile cmTC_e4fb7/fast && /usr/bin/gmake  -f CMakeFiles/cmTC_e4fb7.dir/build.make CMakeFiles/cmTC_e4fb7.dir/build]
  ignore line: [gmake[1]: Entering directory '/home/guy/Documents/Semestre_8/Moteur_3D/project_renderer/build/CMakeFiles/CMakeTmp']
  ignore line: [Building C object CMakeFiles/cmTC_e4fb7.dir/CMakeCCompilerABI.c.o]
  ignore line: [/usr/bin/gcc-12   -v -o CMakeFiles/cmTC_e4fb7.dir/CMakeCCompilerABI.c.o -c /usr/share/cmake-3.22/Modules/CMakeCCompilerABI.c]
  ignore line: [Using built-in specs.]
  ignore line: [COLLECT_GCC=/usr/bin/gcc-12]
  ignore line: [OFFLOAD_TARGET_NAMES=nvptx-none:amdgcn-amdhsa]
  ignore line: [OFFLOAD_TARGET_DEFAULT=1]
  ignore line: [Target: x86_64-linux-gnu]
  ignore line: [Configured with: ../src/configure -v --with-pkgversion='Ubuntu 12.1.0-2ubuntu1~22.04' --with-bugurl=file:///usr/share/doc/gcc-12/README.Bugs --enable-languages=c ada c++ go d fortran objc obj-c++ m2 --prefix=/usr --with-gcc-major-version-only --program-suffix=-12 --program-prefix=x86_64-linux-gnu- --enable-shared --enable-linker-build-id --libexecdir=/usr/lib --without-included-gettext --enable-threads=posix --libdir=/usr/lib --enable-nls --enable-clocale=gnu --enable-libstdcxx-debug --enable-libstdcxx-time=yes --with-default-libstdcxx-abi=new --enable-gnu-unique-object --disable-vtable-verify --enable-plugin --enable-default-pie --with-system-zlib --enable-libphobos-checking=release --with-target-system-zlib=auto --enable-objc-gc=auto --enable-multiarch --disable-werror --enable-cet --with-arch-32=i686 --with-abi=m64 --with-multilib-list=m32 m64 mx32 --enable-multilib --with-tune=generic --enable-offload-targets=nvptx-none=/build/gcc-12-sZcx2y/gcc-12-12.1.0/debian/tmp-nvptx/usr amdgcn-amdhsa=/build/gcc-12-sZcx2y/gcc-12-12.1.0/debian/tmp-gcn/usr --enable-offload-defaulted --without-cuda-driver --enable-checking=release --build=x86_64-linux-gnu --host=x86_64-linux-gnu --target=x86_64-linux-gnu]
  ignore line: [Thread model: posix]
  ignore line: [Supported LTO compression algorithms: zlib zstd]
  ignore line: [gcc version 12.1.0 (Ubuntu 12.1.0-2ubuntu1~22.04) ]
  ignore line: [COLLECT_GCC_OPTIONS='-v' '-o' 'CMakeFiles/cmTC_e4fb7.dir/CMakeCCompilerABI.c.o' '-c' '-mtune=generic' '-march=x86-64' '-dumpdir' 'CMakeFiles/cmTC_e4fb7.dir/']
  ignore line: [ /usr/lib/gcc/x86_64-linux-gnu/12/cc1 -quiet -v -imultiarch x86_64-linux-gnu /usr/share/cmake-3.22/Modules/CMakeCCompilerABI.c -quiet -dumpdir CMakeFiles/cmTC_e4fb7.dir/ -dumpbase CMakeCCompilerABI.c.c -dumpbase-ext .c -mtune=generic -march=x86-64 -version -fasynchronous-unwind-tables -fstack-protector-strong -Wformat -Wformat-security -fstack-clash-protection -fcf-protection -o /tmp/cchVpaV9.s]
  ignore line: [GNU C17 (Ubuntu 12.1.0-2ubuntu1~22.04) version 12.1.0 (x86_64-linux-gnu)]
  ignore line: [	compiled by GNU C version 12.1.0  GMP version 6.2.1  MPFR version 4.1.0  MPC version 1.2.1  isl version isl-0.24-GMP]
  ignore line: []
  ignore line: [GGC heuristics: --param ggc-min-expand=100 --param ggc-min-heapsize=131072]
  ignore line: [ignoring nonexistent directory "/usr/local/include/x86_64-linux-gnu"]
  ignore line: [ignoring nonexistent directory "/usr/lib/gcc/x86_64-linux-gnu/12/include-fixed"]
  ignore line: [ignoring nonexistent directory "/usr/lib/gcc/x86_64-linux-gnu/12/../../../../x86_64-linux-gnu/include"]
  ignore line: [#include "..." search starts here:]
  ignore line: [#include <...> search starts here:]
  ignore line: [ /usr/lib/gcc/x86_64-linux-gnu/12/include]
  ignore line: [ /usr/local/include]
  ignore line: [ /usr/include/x86_64-linux-gnu]
  ignore line: [ /usr/include]
  ignore line: [End of search list.]
  ignore line: [GNU C17 (Ubuntu 12.1.0-2ubuntu1~22.04) version 12.1.0 (x86_64-linux-gnu)]
  ignore line: [	compiled by GNU C version 12.1.0  GMP version 6.2.1  MPFR version 4.1.0  MPC version 1.2.1  isl version isl-0.24-GMP]
  ignore line: []
  ignore line: [GGC heuristics: --param ggc-min-expand=100 --param ggc-min-heapsize=131072]
  ignore line: [Compiler executable checksum: 0cc9f278f08689af2f7133754f8967b8]
  ignore line: [COLLECT_GCC_OPTIONS='-v' '-o' 'CMakeFiles/cmTC_e4fb7.dir/CMakeCCompilerABI.c.o' '-c' '-mtune=generic' '-march=x86-64' '-dumpdir' 'CMakeFiles/cmTC_e4fb7.dir/']
  ignore line: [ as -v --64 -o CMakeFiles/cmTC_e4fb7.dir/CMakeCCompilerABI.c.o /tmp/cchVpaV9.s]
  ignore line: [GNU assembler version 2.38 (x86_64-linux-gnu) using BFD version (GNU Binutils for Ubuntu) 2.38]
  ignore line: [COMPILER_PATH=/usr/lib/gcc/x86_64-linux-gnu/12/:/usr/lib/gcc/x86_64-linux-gnu/12/:/usr/lib/gcc/x86_64-linux-gnu/:/usr/lib/gcc/x86_64-linux-gnu/12/:/usr/lib/gcc/x86_64-linux-gnu/]
  ignore line: [LIBRARY_PATH=/usr/lib/gcc/x86_64-linux-gnu/12/:/usr/lib/gcc/x86_64-linux-gnu/12/../../../x86_64-linux-gnu/:/usr/lib/gcc/x86_64-linux-gnu/12/../../../../lib/:/lib/x86_64-linux-gnu/:/lib/../lib/:/usr/lib/x86_64-linux-gnu/:/usr/lib/../lib/:/usr/lib/gcc/x86_64-linux-gnu/12/../../../:/lib/:/usr/lib/]
  ignore line: [COLLECT_GCC_OPTIONS='-v' '-o' 'CMakeFiles/cmTC_e4fb7.dir/CMakeCCompilerABI.c.o' '-c' '-mtune=generic' '-march=x86-64' '-dumpdir' 'CMakeFiles/cmTC_e4fb7.dir/CMakeCCompilerABI.c.']
  ignore line: [Linking C executable cmTC_e4fb7]
  ignore line: [/usr/bin/cmake -E cmake_link_script CMakeFiles/cmTC_e4fb7.dir/link.txt --verbose=1]
  ignore line: [/usr/bin/gcc-12  -v -rdynamic CMakeFiles/cmTC_e4fb7.dir/CMakeCCompilerABI.c.o -o cmTC_e4fb7 ]
  ignore line: [Using built-in specs.]
  ignore line: [COLLECT_GCC=/usr/bin/gcc-12]
  ignore line: [COLLECT_LTO_WRAPPER=/usr/lib/gcc/x86_64-linux-gnu/12/lto-wrapper]
  ignore line: [OFFLOAD_TARGET_NAMES=nvptx-none:amdgcn-amdhsa]
  ignore line: [OFFLOAD_TARGET_DEFAULT=1]
  ignore line: [Target: x86_64-linux-gnu]
  ignore line: [Configured with: ../src/configure -v --with-pkgversion='Ubuntu 12.1.0-2ubuntu1~22.04' --with-bugurl=file:///usr/share/doc/gcc-12/README.Bugs --enable-languages=c ada c++ go d fortran objc obj-c++ m2 --prefix=/usr --with-gcc-major-version-only --program-suffix=-12 --program-prefix=x86_64-linux-gnu- --enable-shared --enable-linker-build-id --libexecdir=/usr/lib --without-included-gettext --enable-threads=posix --libdir=/usr/lib --enable-nls --enable-clocale=gnu --enable-libstdcxx-debug --enable-libstdcxx-time=yes --with-default-libstdcxx-abi=new --enable-gnu-unique-object --disable-vtable-verify --enable-plugin --enable-default-pie --with-system-zlib --enable-libphobos-checking=release --with-target-system-zlib=auto --enable-objc-gc=auto --enable-multiarch --disable-werror --enable-cet --with-arch-32=i686 --with-abi=m64 --with-multilib-list=m32 m64 mx32 --enable-multilib --with-tune=generic --enable-offload-targets=nvptx-none=/build/gcc-12-sZcx2y/gcc-12-12.1.0/debian/tmp-nvptx/usr amdgcn-amdhsa=/build/gcc-12-sZcx2y/gcc-12-12.1.0/debian/tmp-gcn/usr --enable-offload-defaulted --without-cuda-driver --enable-checking=release --build=x86_64-linux-gnu --host=x86_64-linux-gnu --target=x86_64-linux-gnu]
  ignore line: [Thread model: posix]
  ignore line: [Supported LTO compression algorithms: zlib zstd]
  ignore line: [gcc version 12.1.0 (Ubuntu 12.1.0-2ubuntu1~22.04) ]
  ignore line: [COMPILER_PATH=/usr/lib/gcc/x86_64-linux-gnu/12/:/usr/lib/gcc/x86_64-linux-gnu/12/:/usr/lib/gcc/x86_64-linux-gnu/:/usr/lib/gcc/x86_64-linux-gnu/12/:/usr/lib/gcc/x86_64-linux-gnu/]
  ignore line: [LIBRARY_PATH=/usr/lib/gcc/x86_64-linux-gnu/12/:/usr/lib/gcc/x86_64-linux-gnu/12/../../../x86_64-linux-gnu/:/usr/lib/gcc/x86_64-linux-gnu/12/../../../../lib/:/lib/x86_64-linux-gnu/:/lib/../lib/:/usr/lib/x86_64-linux-gnu/:/usr/lib/../lib/:/usr/lib/gcc/x86_64-linux-gnu/12/../../../:/lib/:/usr/lib/]
  ignore line: [COLLECT_GCC_OPTIONS='-v' '-rdynamic' '-o' 'cmTC_e4fb7' '-mtune=generic' '-march=x86-64' '-dumpdir' 'cmTC_e4fb7.']
  link line: [ /usr/lib/gcc/x86_64-linux-gnu/12/collect2 -plugin /usr/lib/gcc/x86_64-linux-gnu/12/liblto_plugin.so -plugin-opt=/usr/lib/gcc/x86_64-linux-gnu/12/lto-wrapper -plugin-opt=-fresolution=/tmp/ccCC5xrq.res -plugin-opt=-pass-through=-lgcc -plugin-opt=-pass-through=-lgcc_s -plugin-opt=-pass-through=-lc -plugin-opt=-pass-through=-lgcc -plugin-opt=-pass-through=-lgcc_s --build-id --eh-frame-hdr -m elf_x86_64 --hash-style=gnu --as-needed -export-dynamic -dynamic-linker /lib64/ld-linux-x86-64.so.2 -pie -z now -z relro -o cmTC_e4fb7 /usr/lib/gcc/x86_64-linux-gnu/12/../../../x86_64-linux-gnu/Scrt1.o /usr/lib/gcc/x86_64-linux-gnu/12/../../../x86_64-linux-gnu/crti.o /usr/lib/gcc/x86_64-linux-gnu/12/crtbeginS.o -L/usr/lib/gcc/x86_64-linux-gnu/12 -L/usr/lib/gcc/x86_64-linux-gnu/12/../../../x86_64-linux-gnu -L/usr/lib/gcc/x86_64-linux-gnu/12/../../../../lib -L/lib/x86_64-linux-gnu -L/lib/../lib -L/usr/lib/x86_64-linux-gnu -L/usr/lib/../lib -L/usr/lib/gcc/x86_64-linux-gnu/12/../../.. CMakeFiles/cmTC_e4fb7.dir/CMakeCCompilerABI.c.o -lgcc --push-state --as-needed -lgcc_s --pop-state -lc -lgcc --push-state --as-needed -lgcc_s --pop-state /usr/lib/gcc/x86_64-linux-gnu/12/crtendS.o /usr/lib/gcc/x86_64-linux-gnu/12/../../../x86_64-linux-gnu/crtn.o]
    arg [/usr/lib/gcc/x86_64-linux-gnu/12/collect2] ==> ignore
    arg [-plugin] ==> ignore
    arg [/usr/lib/gcc/x86_64-linux-gnu/12/liblto_plugin.so] ==> ignore
    arg [-plugin-opt=/usr/lib/gcc/x86_64-linux-gnu/12/lto-wrapper] ==> ignore
    arg [-plugin-opt=-fresolution=/tmp/ccCC5xrq.res] ==> ignore
    arg [-plugin-opt=-pass-through=-lgcc] ==> ignore
    arg [-plugin-opt=-pass-through=-lgcc_s] ==> ignore
    arg [-plugin-opt=-pass-through=-lc] ==> ignore
    arg [-plugin-opt=-pass-through=-lgcc] ==> ignore
    arg [-plugin-opt=-pass-through=-lgcc_s] ==> ignore
    arg [--build-id] ==> ignore
    arg [--eh-frame-hdr] ==> ignore
    arg [-m] ==> ignore
    arg [elf_x86_64] ==> ignore
    arg [--hash-style=gnu] ==> ignore
    arg [--as-needed] ==> ignore
    arg [-export-dynamic] ==> ignore
    arg [-dynamic-linker] ==> ignore
    arg [/lib64/ld-linux-x86-64.so.2] ==> ignore
    arg [-pie] ==> ignore
    arg [-znow] ==> ignore
    arg [-zrelro] ==> ignore
    arg [-o] ==> ignore
    arg [cmTC_e4fb7] ==> ignore
    arg [/usr/lib/gcc/x86_64-linux-gnu/12/../../../x86_64-linux-gnu/Scrt1.o] ==> obj [/usr/lib/gcc/x86_64-linux-gnu/12/../../../x86_64-linux-gnu/Scrt1.o]
    arg [/usr/lib/gcc/x86_64-linux-gnu/12/../../../x86_64-linux-gnu/crti.o] ==> obj [/usr/lib/gcc/x86_64-linux-gnu/12/../../../x86_64-linux-gnu/crti.o]
    arg [/usr/lib/gcc/x86_64-linux-gnu/12/crtbeginS.o] ==> obj [/usr/lib/gcc/x86_64-linux-gnu/12/crtbeginS.o]
    arg [-L/usr/lib/gcc/x86_64-linux-gnu/12] ==> dir [/usr/lib/gcc/x86_64-linux-gnu/12]
    arg [-L/usr/lib/gcc/x86_64-linux-gnu/12/../../../x86_64-linux-gnu] ==> dir [/usr/lib/gcc/x86_64-linux-gnu/12/../../../x86_64-linux-gnu]
    arg [-L/usr/lib/gcc/x86_64-linux-gnu/12/../../../../lib] ==> dir [/usr/lib/gcc/x86_64-linux-gnu/12/../../../../lib]
    arg [-L/lib/x86_64-linux-gnu] ==> dir [/lib/x86_64-linux-gnu]
    arg [-L/lib/../lib] ==> dir [/lib/../lib]
    arg [-L/usr/lib/x86_64-linux-gnu] ==> dir [/usr/lib/x86_64-linux-gnu]
    arg [-L/usr/lib/../lib] ==> dir [/usr/lib/../lib]
    arg [-L/usr/lib/gcc/x86_64-linux-gnu/12/../../..] ==> dir [/usr/lib/gcc/x86_64-linux-gnu/12/../../..]
    arg [CMakeFiles/cmTC_e4fb7.dir/CMakeCCompilerABI.c.o] ==> ignore
    arg [-lgcc] ==> lib [gcc]
    arg [--push-state] ==> ignore
    arg [--as-needed] ==> ignore
    arg [-lgcc_s] ==> lib [gcc_s]
    arg [--pop-state] ==> ignore
    arg [-lc] ==> lib [c]
    arg [-lgcc] ==> lib [gcc]
    arg [--push-state] ==> ignore
    arg [--as-needed] ==> ignore
    arg [-lgcc_s] ==> lib [gcc_s]
    arg [--pop-state] ==> ignore
    arg [/usr/lib/gcc/x86_64-linux-gnu/12/crtendS.o] ==> obj [/usr/lib/gcc/x86_64-linux-gnu/12/crtendS.o]
    arg [/usr/lib/gcc/x86_64-linux-gnu/12/../../../x86_64-linux-gnu/crtn.o] ==> obj [/usr/lib/gcc/x86_64-linux-gnu/12/../../../x86_64-linux-gnu/crtn.o]
  collapse obj [/usr/lib/gcc/x86_64-linux-gnu/12/../../../x86_64-linux-gnu/Scrt1.o] ==> [/usr/lib/x86_64-linux-gnu/Scrt1.o]
  collapse obj [/usr/lib/gcc/x86_64-linux-gnu/12/../../../x86_64-linux-gnu/crti.o] ==> [/usr/lib/x86_64-linux-gnu/crti.o]
  collapse obj [/usr/lib/gcc/x86_64-linux-gnu/12/../../../x86_64-linux-gnu/crtn.o] ==> [/usr/lib/x86_64-linux-gnu/crtn.o]
  collapse library dir [/usr/lib/gcc/x86_64-linux-gnu/12] ==> [/usr/lib/gcc/x86_64-linux-gnu/12]
  collapse library dir [/usr/lib/gcc/x86_64-linux-gnu/12/../../../x86_64-linux-gnu] ==> [/usr/lib/x86_64-linux-gnu]
  collapse library dir [/usr/lib/gcc/x86_64-linux-gnu/12/../../../../lib] ==> [/usr/lib]
  collapse library dir [/lib/x86_64-linux-gnu] ==> [/lib/x86_64-linux-gnu]
  collapse library dir [/lib/../lib] ==> [/lib]
  collapse library dir [/usr/lib/x86_64-linux-gnu] ==> [/usr/lib/x86_64-linux-gnu]
  collapse library dir [/usr/lib/../lib] ==> [/usr/lib]
  collapse library dir [/usr/lib/gcc/x86_64-linux-gnu/12/../../..] ==> [/usr/lib]
  implicit libs: [gcc;gcc_s;c;gcc;gcc_s]
  implicit objs: [/usr/lib/x86_64-linux-gnu/Scrt1.o;/usr/lib/x86_64-linux-gnu/crti.o;/usr/lib/gcc/x86_64-linux-gnu/12/crtbeginS.o;/usr/lib/gcc/x86_64-linux-gnu/12/crtendS.o;/usr/lib/x86_64-linux-gnu/crtn.o]
  implicit dirs: [/usr/lib/gcc/x86_64-linux-gnu/12;/usr/lib/x86_64-linux-gnu;/usr/lib;/lib/x86_64-linux-gnu;/lib]
  implicit fwks: []


Detecting CXX compiler ABI info compiled with the following output:
Change Dir: /home/guy/Documents/Semestre_8/Moteur_3D/project_renderer/build/CMakeFiles/CMakeTmp

Run Build Command(s):/usr/bin/gmake -f Makefile cmTC_1466c/fast && /usr/bin/gmake  -f CMakeFiles/cmTC_1466c.dir/build.make CMakeFiles/cmTC_1466c.dir/build
gmake[1]: Entering directory '/home/guy/Documents/Semestre_8/Moteur_3D/project_renderer/build/CMakeFiles/CMakeTmp'
Building CXX object CMakeFiles/cmTC_1466c.dir/CMakeCXXCompilerABI.cpp.o
/usr/bin/c++   -v -o CMakeFiles/cmTC_1466c.dir/CMakeCXXCompilerABI.cpp.o -c /usr/share/cmake-3.22/Modules/CMakeCXXCompilerABI.cpp
Using built-in specs.
COLLECT_GCC=/usr/bin/c++
OFFLOAD_TARGET_NAMES=nvptx-none:amdgcn-amdhsa
OFFLOAD_TARGET_DEFAULT=1
Target: x86_64-linux-gnu
Configured with: ../src/configure -v --with-pkgversion='Ubuntu 11.3.0-1ubuntu1~22.04' --with-bugurl=file:///usr/share/doc/gcc-11/README.Bugs --enable-languages=c,ada,c++,go,brig,d,fortran,objc,obj-c++,m2 --prefix=/usr --with-gcc-major-version-only --program-suffix=-11 --program-prefix=x86_64-linux-gnu- --enable-shared --enable-linker-build-id --libexecdir=/usr/lib --without-included-gettext --enable-threads=posix --libdir=/usr/lib --enable-nls --enable-bootstrap --enable-clocale=gnu --enable-libstdcxx-debug --enable-libstdcxx-time=yes --with-default-libstdcxx-abi=new --enable-gnu-unique-object --disable-vtable-verify --enable-plugin --enable-default-pie --with-system-zlib --enable-libphobos-checking=release --with-target-system-zlib=auto --enable-objc-gc=auto --enable-multiarch --disable-werror --enable-cet --with-arch-32=i686 --with-abi=m64 --with-multilib-list=m32,m64,mx32 --enable-multilib --with-tune=generic --enable-offload-targets=nvptx-none=/build/gcc-11-xKiWfi/gcc-11-11.3.0/debian/tmp-nvptx/usr,amdgcn-amdhsa=/build/gcc-11-xKiWfi/gcc-11-11.3.0/debian/tmp-gcn/usr --without-cuda-driver --enable-checking=release --build=x86_64-linux-gnu --host=x86_64-linux-gnu --target=x86_64-linux-gnu --with-build-config=bootstrap-lto-lean --enable-link-serialization=2
Thread model: posix
Supported LTO compression algorithms: zlib zstd
gcc version 11.3.0 (Ubuntu 11.3.0-1ubuntu1~22.04) 
COLLECT_GCC_OPTIONS='-v' '-o' 'CMakeFiles/cmTC_1466c.dir/CMakeCXXCompilerABI.cpp.o' '-c' '-shared-libgcc' '-mtune=generic' '-march=x86-64' '-dumpdir' 'CMakeFiles/cmTC_1466c.dir/'
 /usr/lib/gcc/x86_64-linux-gnu/11/cc1plus -quiet -v -imultiarch x86_64-linux-gnu -D_GNU_SOURCE /usr/share/cmake-3.22/Modules/CMakeCXXCompilerABI.cpp -quiet -dumpdir CMakeFiles/cmTC_1466c.dir/ -dumpbase CMakeCXXCompilerABI.cpp.cpp -dumpbase-ext .cpp -mtune=generic -march=x86-64 -version -fasynchronous-unwind-tables -fstack-protector-strong -Wformat -Wformat-security -fstack-clash-protection -fcf-protection -o /tmp/ccKNSZ28.s
GNU C++17 (Ubuntu 11.3.0-1ubuntu1~22.04) version 11.3.0 (x86_64-linux-gnu)
	compiled by GNU C version 11.3.0, GMP version 6.2.1, MPFR version 4.1.0, MPC version 1.2.1, isl version isl-0.24-GMP

GGC heuristics: --param ggc-min-expand=100 --param ggc-min-heapsize=131072
ignoring duplicate directory "/usr/include/x86_64-linux-gnu/c++/11"
ignoring nonexistent directory "/usr/local/include/x86_64-linux-gnu"
ignoring nonexistent directory "/usr/lib/gcc/x86_64-linux-gnu/11/include-fixed"
ignoring nonexistent directory "/usr/lib/gcc/x86_64-linux-gnu/11/../../../../x86_64-linux-gnu/include"
#include "..." search starts here:
#include <...> search starts here:
 /usr/include/c++/11
 /usr/include/x86_64-linux-gnu/c++/11
 /usr/include/c++/11/backward
 /usr/lib/gcc/x86_64-linux-gnu/11/include
 /usr/local/include
 /usr/include/x86_64-linux-gnu
 /usr/include
End of search list.
GNU C++17 (Ubuntu 11.3.0-1ubuntu1~22.04) version 11.3.0 (x86_64-linux-gnu)
	compiled by GNU C version 11.3.0, GMP version 6.2.1, MPFR version 4.1.0, MPC version 1.2.1, isl version isl-0.24-GMP

GGC heuristics: --param ggc-min-expand=100 --param ggc-min-heapsize=131072
Compiler executable checksum: 449548cbb29044828dc7ea158b577b98
COLLECT_GCC_OPTIONS='-v' '-o' 'CMakeFiles/cmTC_1466c.dir/CMakeCXXCompilerABI.cpp.o' '-c' '-shared-libgcc' '-mtune=generic' '-march=x86-64' '-dumpdir' 'CMakeFiles/cmTC_1466c.dir/'
 as -v --64 -o CMakeFiles/cmTC_1466c.dir/CMakeCXXCompilerABI.cpp.o /tmp/ccKNSZ28.s
GNU assembler version 2.38 (x86_64-linux-gnu) using BFD version (GNU Binutils for Ubuntu) 2.38
COMPILER_PATH=/usr/lib/gcc/x86_64-linux-gnu/11/:/usr/lib/gcc/x86_64-linux-gnu/11/:/usr/lib/gcc/x86_64-linux-gnu/:/usr/lib/gcc/x86_64-linux-gnu/11/:/usr/lib/gcc/x86_64-linux-gnu/
LIBRARY_PATH=/usr/lib/gcc/x86_64-linux-gnu/11/:/usr/lib/gcc/x86_64-linux-gnu/11/../../../x86_64-linux-gnu/:/usr/lib/gcc/x86_64-linux-gnu/11/../../../../lib/:/lib/x86_64-linux-gnu/:/lib/../lib/:/usr/lib/x86_64-linux-gnu/:/usr/lib/../lib/:/usr/lib/gcc/x86_64-linux-gnu/11/../../../:/lib/:/usr/lib/
COLLECT_GCC_OPTIONS='-v' '-o' 'CMakeFiles/cmTC_1466c.dir/CMakeCXXCompilerABI.cpp.o' '-c' '-shared-libgcc' '-mtune=generic' '-march=x86-64' '-dumpdir' 'CMakeFiles/cmTC_1466c.dir/CMakeCXXCompilerABI.cpp.'
Linking CXX executable cmTC_1466c
/usr/bin/cmake -E cmake_link_script CMakeFiles/cmTC_1466c.dir/link.txt --verbose=1
/usr/bin/c++  -v -rdynamic CMakeFiles/cmTC_1466c.dir/CMakeCXXCompilerABI.cpp.o -o cmTC_1466c 
Using built-in specs.
COLLECT_GCC=/usr/bin/c++
COLLECT_LTO_WRAPPER=/usr/lib/gcc/x86_64-linux-gnu/11/lto-wrapper
OFFLOAD_TARGET_NAMES=nvptx-none:amdgcn-amdhsa
OFFLOAD_TARGET_DEFAULT=1
Target: x86_64-linux-gnu
Configured with: ../src/configure -v --with-pkgversion='Ubuntu 11.3.0-1ubuntu1~22.04' --with-bugurl=file:///usr/share/doc/gcc-11/README.Bugs --enable-languages=c,ada,c++,go,brig,d,fortran,objc,obj-c++,m2 --prefix=/usr --with-gcc-major-version-only --program-suffix=-11 --program-prefix=x86_64-linux-gnu- --enable-shared --enable-linker-build-id --libexecdir=/usr/lib --without-included-gettext --enable-threads=posix --libdir=/usr/lib --enable-nls --enable-bootstrap --enable-clocale=gnu --enable-libstdcxx-debug --enable-libstdcxx-time=yes --with-default-libstdcxx-abi=new --enable-gnu-unique-object --disable-vtable-verify --enable-plugin --enable-default-pie --with-system-zlib --enable-libphobos-checking=release --with-target-system-zlib=auto --enable-objc-gc=auto --enable-multiarch --disable-werror --enable-cet --with-arch-32=i686 --with-abi=m64 --with-multilib-list=m32,m64,mx32 --enable-multilib --with-tune=generic --enable-offload-targets=nvptx-none=/build/gcc-11-xKiWfi/gcc-11-11.3.0/debian/tmp-nvptx/usr,amdgcn-amdhsa=/build/gcc-11-xKiWfi/gcc-11-11.3.0/debian/tmp-gcn/usr --without-cuda-driver --enable-checking=release --build=x86_64-linux-gnu --host=x86_64-linux-gnu --target=x86_64-linux-gnu --with-build-config=bootstrap-lto-lean --enable-link-serialization=2
Thread model: posix
Supported LTO compression algorithms: zlib zstd
gcc version 11.3.0 (Ubuntu 11.3.0-1ubuntu1~22.04) 
COMPILER_PATH=/usr/lib/gcc/x86_64-linux-gnu/11/:/usr/lib/gcc/x86_64-linux-gnu/11/:/usr/lib/gcc/x86_64-linux-gnu/:/usr/lib/gcc/x86_64-linux-gnu/11/:/usr/lib/gcc/x86_64-linux-gnu/
LIBRARY_PATH=/usr/lib/gcc/x86_64-linux-gnu/11/:/usr/lib/gcc/x86_64-linux-gnu/11/../../../x86_64-linux-gnu/:/usr/lib/gcc/x86_64-linux-gnu/11/../../../../lib/:/lib/x86_64-linux-gnu/:/lib/../lib/:/usr/lib/x86_64-linux-gnu/:/usr/lib/../lib/:/usr/lib/gcc/x86_64-linux-gnu/11/../../../:/lib/:/usr/lib/
COLLECT_GCC_OPTIONS='-v' '-rdynamic' '-o' 'cmTC_1466c' '-shared-libgcc' '-mtune=generic' '-march=x86-64' '-dumpdir' 'cmTC_1466c.'
 /usr/lib/gcc/x86_64-linux-gnu/11/collect2 -plugin /usr/lib/gcc/x86_64-linux-gnu/11/liblto_plugin.so -plugin-opt=/usr/lib/gcc/x86_64-linux-gnu/11/lto-wrapper -plugin-opt=-fresolution=/tmp/ccrpVRoA.res -plugin-opt=-pass-through=-lgcc_s -plugin-opt=-pass-through=-lgcc -plugin-opt=-pass-through=-lc -plugin-opt=-pass-through=-lgcc_s -plugin-opt=-pass-through=-lgcc --build-id --eh-frame-hdr -m elf_x86_64 --hash-style=gnu --as-needed -export-dynamic -dynamic-linker /lib64/ld-linux-x86-64.so.2 -pie -z now -z relro -o cmTC_1466c /usr/lib/gcc/x86_64-linux-gnu/11/../../../x86_64-linux-gnu/Scrt1.o /usr/lib/gcc/x86_64-linux-gnu/11/../../../x86_64-linux-gnu/crti.o /usr/lib/gcc/x86_64-linux-gnu/11/crtbeginS.o -L/usr/lib/gcc/x86_64-linux-gnu/11 -L/usr/lib/gcc/x86_64-linux-gnu/11/../../../x86_64-linux-gnu -L/usr/lib/gcc/x86_64-linux-gnu/11/../../../../lib -L/lib/x86_64-linux-gnu -L/lib/../lib -L/usr/lib/x86_64-linux-gnu -L/usr/lib/../lib -L/usr/lib/gcc/x86_64-linux-gnu/11/../../.. CMakeFiles/cmTC_1466c.dir/CMakeCXXCompilerABI.cpp.o -lstdc++ -lm -lgcc_s -lgcc -lc -lgcc_s -lgcc /usr/lib/gcc/x86_64-linux-gnu/11/crtendS.o /usr/lib/gcc/x86_64-linux-gnu/11/../../../x86_64-linux-gnu/crtn.o
COLLECT_GCC_OPTIONS='-v' '-rdynamic' '-o' 'cmTC_1466c' '-shared-libgcc' '-mtune=generic' '-march=x86-64' '-dumpdir' 'cmTC_1466c.'
gmake[1]: Leaving directory '/home/guy/Documents/Semestre_8/Moteur_3D/project_renderer/build/CMakeFiles/CMakeTmp'



Parsed CXX implicit include dir info from above output: rv=done
  found start of include info
  found start of implicit include info
    add: [/usr/include/c++/11]
    add: [/usr/include/x86_64-linux-gnu/c++/11]
    add: [/usr/include/c++/11/backward]
    add: [/usr/lib/gcc/x86_64-linux-gnu/11/include]
    add: [/usr/local/include]
    add: [/usr/include/x86_64-linux-gnu]
    add: [/usr/include]
  end of search list found
  collapse include dir [/usr/include/c++/11] ==> [/usr/include/c++/11]
  collapse include dir [/usr/include/x86_64-linux-gnu/c++/11] ==> [/usr/include/x86_64-linux-gnu/c++/11]
  collapse include dir [/usr/include/c++/11/backward] ==> [/usr/include/c++/11/backward]
  collapse include dir [/usr/lib/gcc/x86_64-linux-gnu/11/include] ==> [/usr/lib/gcc/x86_64-linux-gnu/11/include]
  collapse include dir [/usr/local/include] ==> [/usr/local/include]
  collapse include dir [/usr/include/x86_64-linux-gnu] ==> [/usr/include/x86_64-linux-gnu]
  collapse include dir [/usr/include] ==> [/usr/include]
  implicit include dirs: [/usr/include/c++/11;/usr/include/x86_64-linux-gnu/c++/11;/usr/include/c++/11/backward;/usr/lib/gcc/x86_64-linux-gnu/11/include;/usr/local/include;/usr/include/x86_64-linux-gnu;/usr/include]


Parsed CXX implicit link information from above output:
  link line regex: [^( *|.*[/\])(ld|CMAKE_LINK_STARTFILE-NOTFOUND|([^/\]+-)?ld|collect2)[^/\]*( |$)]
  ignore line: [Change Dir: /home/guy/Documents/Semestre_8/Moteur_3D/project_renderer/build/CMakeFiles/CMakeTmp]
  ignore line: []
  ignore line: [Run Build Command(s):/usr/bin/gmake -f Makefile cmTC_1466c/fast && /usr/bin/gmake  -f CMakeFiles/cmTC_1466c.dir/build.make CMakeFiles/cmTC_1466c.dir/build]
  ignore line: [gmake[1]: Entering directory '/home/guy/Documents/Semestre_8/Moteur_3D/project_renderer/build/CMakeFiles/CMakeTmp']
  ignore line: [Building CXX object CMakeFiles/cmTC_1466c.dir/CMakeCXXCompilerABI.cpp.o]
  ignore line: [/usr/bin/c++   -v -o CMakeFiles/cmTC_1466c.dir/CMakeCXXCompilerABI.cpp.o -c /usr/share/cmake-3.22/Modules/CMakeCXXCompilerABI.cpp]
  ignore line: [Using built-in specs.]
  ignore line: [COLLECT_GCC=/usr/bin/c++]
  ignore line: [OFFLOAD_TARGET_NAMES=nvptx-none:amdgcn-amdhsa]
  ignore line: [OFFLOAD_TARGET_DEFAULT=1]
  ignore line: [Target: x86_64-linux-gnu]
  ignore line: [Configured with: ../src/configure -v --with-pkgversion='Ubuntu 11.3.0-1ubuntu1~22.04' --with-bugurl=file:///usr/share/doc/gcc-11/README.Bugs --enable-languages=c ada c++ go brig d fortran objc obj-c++ m2 --prefix=/usr --with-gcc-major-version-only --program-suffix=-11 --program-prefix=x86_64-linux-gnu- --enable-shared --enable-linker-build-id --libexecdir=/usr/lib --without-included-gettext --enable-threads=posix --libdir=/usr/lib --enable-nls --enable-bootstrap --enable-clocale=gnu --enable-libstdcxx-debug --enable-libstdcxx-time=yes --with-default-libstdcxx-abi=new --enable-gnu-unique-object --disable-vtable-verify --enable-plugin --enable-default-pie --with-system-zlib --enable-libphobos-checking=release --with-target-system-zlib=auto --enable-objc-gc=auto --enable-multiarch --disable-werror --enable-cet --with-arch-32=i686 --with-abi=m64 --with-multilib-list=m32 m64 mx32 --enable-multilib --with-tune=generic --enable-offload-targets=nvptx-none=/build/gcc-11-xKiWfi/gcc-11-11.3.0/debian/tmp-nvptx/usr amdgcn-amdhsa=/build/gcc-11-xKiWfi/gcc-11-11.3.0/debian/tmp-gcn/usr --without-cuda-driver --enable-checking=release --build=x86_64-linux-gnu --host=x86_64-linux-gnu --target=x86_64-linux-gnu --with-build-config=bootstrap-lto-lean --enable-link-serialization=2]
  ignore line: [Thread model: posix]
  ignore line: [Supported LTO compression algorithms: zlib zstd]
  ignore line: [gcc version 11.3.0 (Ubuntu 11.3.0-1ubuntu1~22.04) ]
  ignore line: [COLLECT_GCC_OPTIONS='-v' '-o' 'CMakeFiles/cmTC_1466c.dir/CMakeCXXCompilerABI.cpp.o' '-c' '-shared-libgcc' '-mtune=generic' '-march=x86-64' '-dumpdir' 'CMakeFiles/cmTC_1466c.dir/']
  ignore line: [ /usr/lib/gcc/x86_64-linux-gnu/11/cc1plus -quiet -v -imultiarch x86_64-linux-gnu -D_GNU_SOURCE /usr/share/cmake-3.22/Modules/CMakeCXXCompilerABI.cpp -quiet -dumpdir CMakeFiles/cmTC_1466c.dir/ -dumpbase CMakeCXXCompilerABI.cpp.cpp -dumpbase-ext .cpp -mtune=generic -march=x86-64 -version -fasynchronous-unwind-tables -fstack-protector-strong -Wformat -Wformat-security -fstack-clash-protection -fcf-protection -o /tmp/ccKNSZ28.s]
  ignore line: [GNU C++17 (Ubuntu 11.3.0-1ubuntu1~22.04) version 11.3.0 (x86_64-linux-gnu)]
  ignore line: [	compiled by GNU C version 11.3.0  GMP version 6.2.1  MPFR version 4.1.0  MPC version 1.2.1  isl version isl-0.24-GMP]
  ignore line: []
  ignore line: [GGC heuristics: --param ggc-min-expand=100 --param ggc-min-heapsize=131072]
  ignore line: [ignoring duplicate directory "/usr/include/x86_64-linux-gnu/c++/11"]
  ignore line: [ignoring nonexistent directory "/usr/local/include/x86_64-linux-gnu"]
  ignore line: [ignoring nonexistent directory "/usr/lib/gcc/x86_64-linux-gnu/11/include-fixed"]
  ignore line: [ignoring nonexistent directory "/usr/lib/gcc/x86_64-linux-gnu/11/../../../../x86_64-linux-gnu/include"]
  ignore line: [#include "..." search starts here:]
  ignore line: [#include <...> search starts here:]
  ignore line: [ /usr/include/c++/11]
  ignore line: [ /usr/include/x86_64-linux-gnu/c++/11]
  ignore line: [ /usr/include/c++/11/backward]
  ignore line: [ /usr/lib/gcc/x86_64-linux-gnu/11/include]
  ignore line: [ /usr/local/include]
  ignore line: [ /usr/include/x86_64-linux-gnu]
  ignore line: [ /usr/include]
  ignore line: [End of search list.]
  ignore line: [GNU C++17 (Ubuntu 11.3.0-1ubuntu1~22.04) version 11.3.0 (x86_64-linux-gnu)]
  ignore line: [	compiled by GNU C version 11.3.0  GMP version 6.2.1  MPFR version 4.1.0  MPC version 1.2.1  isl version isl-0.24-GMP]
  ignore line: []
  ignore line: [GGC heuristics: --param ggc-min-expand=100 --param ggc-min-heapsize=131072]
  ignore line: [Compiler executable checksum: 449548cbb29044828dc7ea158b577b98]
  ignore line: [COLLECT_GCC_OPTIONS='-v' '-o' 'CMakeFiles/cmTC_1466c.dir/CMakeCXXCompilerABI.cpp.o' '-c' '-shared-libgcc' '-mtune=generic' '-march=x86-64' '-dumpdir' 'CMakeFiles/cmTC_1466c.dir/']
  ignore line: [ as -v --64 -o CMakeFiles/cmTC_1466c.dir/CMakeCXXCompilerABI.cpp.o /tmp/ccKNSZ28.s]
  ignore line: [GNU assembler version 2.38 (x86_64-linux-gnu) using BFD version (GNU Binutils for Ubuntu) 2.38]
  ignore line: [COMPILER_PATH=/usr/lib/gcc/x86_64-linux-gnu/11/:/usr/lib/gcc/x86_64-linux-gnu/11/:/usr/lib/gcc/x86_64-linux-gnu/:/usr/lib/gcc/x86_64-linux-gnu/11/:/usr/lib/gcc/x86_64-linux-gnu/]
  ignore line: [LIBRARY_PATH=/usr/lib/gcc/x86_64-linux-gnu/11/:/usr/lib/gcc/x86_64-linux-gnu/11/../../../x86_64-linux-gnu/:/usr/lib/gcc/x86_64-linux-gnu/11/../../../../lib/:/lib/x86_64-linux-gnu/:/lib/../lib/:/usr/lib/x86_64-linux-gnu/:/usr/lib/../lib/:/usr/lib/gcc/x86_64-linux-gnu/11/../../../:/lib/:/usr/lib/]
  ignore line: [COLLECT_GCC_OPTIONS='-v' '-o' 'CMakeFiles/cmTC_1466c.dir/CMakeCXXCompilerABI.cpp.o' '-c' '-shared-libgcc' '-mtune=generic' '-march=x86-64' '-dumpdir' 'CMakeFiles/cmTC_1466c.dir/CMakeCXXCompilerABI.cpp.']
  ignore line: [Linking CXX executable cmTC_1466c]
  ignore line: [/usr/bin/cmake -E cmake_link_script CMakeFiles/cmTC_1466c.dir/link.txt --verbose=1]
  ignore line: [/usr/bin/c++  -v -rdynamic CMakeFiles/cmTC_1466c.dir/CMakeCXXCompilerABI.cpp.o -o cmTC_1466c ]
  ignore line: [Using built-in specs.]
  ignore line: [COLLECT_GCC=/usr/bin/c++]
  ignore line: [COLLECT_LTO_WRAPPER=/usr/lib/gcc/x86_64-linux-gnu/11/lto-wrapper]
  ignore line: [OFFLOAD_TARGET_NAMES=nvptx-none:amdgcn-amdhsa]
  ignore line: [OFFLOAD_TARGET_DEFAULT=1]
  ignore line: [Target: x86_64-linux-gnu]
  ignore line: [Configured with: ../src/configure -v --with-pkgversion='Ubuntu 11.3.0-1ubuntu1~22.04' --with-bugurl=file:///usr/share/doc/gcc-11/README.Bugs --enable-languages=c ada c++ go brig d fortran objc obj-c++ m2 --prefix=/usr --with-gcc-major-version-only --program-suffix=-11 --program-prefix=x86_64-linux-gnu- --enable-shared --enable-linker-build-id --libexecdir=/usr/lib --without-included-gettext --enable-threads=posix --libdir=/usr/lib --enable-nls --enable-bootstrap --enable-clocale=gnu --enable-libstdcxx-debug --enable-libstdcxx-time=yes --with-default-libstdcxx-abi=new --enable-gnu-unique-object --disable-vtable-verify --enable-plugin --enable-default-pie --with-system-zlib --enable-libphobos-checking=release --with-target-system-zlib=auto --enable-objc-gc=auto --enable-multiarch --disable-werror --enable-cet --with-arch-32=i686 --with-abi=m64 --with-multilib-list=m32 m64 mx32 --enable-multilib --with-tune=generic --enable-offload-targets=nvptx-none=/build/gcc-11-xKiWfi/gcc-11-11.3.0/debian/tmp-nvptx/usr amdgcn-amdhsa=/build/gcc-11-xKiWfi/gcc-11-11.3.0/debian/tmp-gcn/usr --without-cuda-driver --enable-checking=release --build=x86_64-linux-gnu --host=x86_64-linux-gnu --target=x86_64-linux-gnu --with-build-config=bootstrap-lto-lean --enable-link-serialization=2]
  ignore line: [Thread model: posix]
  ignore line: [Supported LTO compression algorithms: zlib zstd]
  ignore line: [gcc version 11.3.0 (Ubuntu 11.3.0-1ubuntu1~22.04) ]
  ignore line: [COMPILER_PATH=/usr/lib/gcc/x86_64-linux-gnu/11/:/usr/lib/gcc/x86_64-linux-gnu/11/:/usr/lib/gcc/x86_64-linux-gnu/:/usr/lib/gcc/x86_64-linux-gnu/11/:/usr/lib/gcc/x86_64-linux-gnu/]
  ignore line: [LIBRARY_PATH=/usr/lib/gcc/x86_64-linux-gnu/11/:/usr/lib/gcc/x86_64-linux-gnu/11/../../../x86_64-linux-gnu/:/usr/lib/gcc/x86_64-linux-gnu/11/../../../../lib/:/lib/x86_64-linux-gnu/:/lib/../lib/:/usr/lib/x86_64-linux-gnu/:/usr/lib/../lib/:/usr/lib/gcc/x86_64-linux-gnu/11/../../../:/lib/:/usr/lib/]
  ignore line: [COLLECT_GCC_OPTIONS='-v' '-rdynamic' '-o' 'cmTC_1466c' '-shared-libgcc' '-mtune=generic' '-march=x86-64' '-dumpdir' 'cmTC_1466c.']
  link line: [ /usr/lib/gcc/x86_64-linux-gnu/11/collect2 -plugin /usr/lib/gcc/x86_64-linux-gnu/11/liblto_plugin.so -plugin-opt=/usr/lib/gcc/x86_64-linux-gnu/11/lto-wrapper -plugin-opt=-fresolution=/tmp/ccrpVRoA.res -plugin-opt=-pass-through=-lgcc_s -plugin-opt=-pass-through=-lgcc -plugin-opt=-pass-through=-lc -plugin-opt=-pass-through=-lgcc_s -plugin-opt=-pass-through=-lgcc --build-id --eh-frame-hdr -m elf_x86_64 --hash-style=gnu --as-needed -export-dynamic -dynamic-linker /lib64/ld-linux-x86-64.so.2 -pie -z now -z relro -o cmTC_1466c /usr/lib/gcc/x86_64-linux-gnu/11/../../../x86_64-linux-gnu/Scrt1.o /usr/lib/gcc/x86_64-linux-gnu/11/../../../x86_64-linux-gnu/crti.o /usr/lib/gcc/x86_64-linux-gnu/11/crtbeginS.o -L/usr/lib/gcc/x86_64-linux-gnu/11 -L/usr/lib/gcc/x86_64-linux-gnu/11/../../../x86_64-linux-gnu -L/usr/lib/gcc/x86_64-linux-gnu/11/../../../../lib -L/lib/x86_64-linux-gnu -L/lib/../lib -L/usr/lib/x86_64-linux-gnu -L/usr/lib/../lib -L/usr/lib/gcc/x86_64-linux-gnu/11/../../.. CMakeFiles/cmTC_1466c.dir/CMakeCXXCompilerABI.cpp.o -lstdc++ -lm -lgcc_s -lgcc -lc -lgcc_s -lgcc /usr/lib/gcc/x86_64-linux-gnu/11/crtendS.o /usr/lib/gcc/x86_64-linux-gnu/11/../../../x86_64-linux-gnu/crtn.o]
    arg [/usr/lib/gcc/x86_64-linux-gnu/11/collect2] ==> ignore
    arg [-plugin] ==> ignore
    arg [/usr/lib/gcc/x86_64-linux-gnu/11/liblto_plugin.so] ==> ignore
    arg [-plugin-opt=/usr/lib/gcc/x86_64-linux-gnu/11/lto-wrapper] ==> ignore
    arg [-plugin-opt=-fresolution=/tmp/ccrpVRoA.res] ==> ignore
    arg [-plugin-opt=-pass-through=-lgcc_s] ==> ignore
    arg [-plugin-opt=-pass-through=-lgcc] ==> ignore
    arg [-plugin-opt=-pass-through=-lc] ==> ignore
    arg [-plugin-opt=-pass-through=-lgcc_s] ==> ignore
    arg [-plugin-opt=-pass-through=-lgcc] ==> ignore
    arg [--build-id] ==> ignore
    arg [--eh-frame-hdr] ==> ignore
    arg [-m] ==> ignore
    arg [elf_x86_64] ==> ignore
    arg [--hash-style=gnu] ==> ignore
    arg [--as-needed] ==> ignore
    arg [-export-dynamic] ==> ignore
    arg [-dynamic-linker] ==> ignore
    arg [/lib64/ld-linux-x86-64.so.2] ==> ignore
    arg [-pie] ==> ignore
    arg [-znow] ==> ignore
    arg [-zrelro] ==> ignore
    arg [-o] ==> ignore
    arg [cmTC_1466c] ==> ignore
    arg [/usr/lib/gcc/x86_64-linux-gnu/11/../../../x86_64-linux-gnu/Scrt1.o] ==> obj [/usr/lib/gcc/x86_64-linux-gnu/11/../../../x86_64-linux-gnu/Scrt1.o]
    arg [/usr/lib/gcc/x86_64-linux-gnu/11/../../../x86_64-linux-gnu/crti.o] ==> obj [/usr/lib/gcc/x86_64-linux-gnu/11/../../../x86_64-linux-gnu/crti.o]
    arg [/usr/lib/gcc/x86_64-linux-gnu/11/crtbeginS.o] ==> obj [/usr/lib/gcc/x86_64-linux-gnu/11/crtbeginS.o]
    arg [-L/usr/lib/gcc/x86_64-linux-gnu/11] ==> dir [/usr/lib/gcc/x86_64-linux-gnu/11]
    arg [-L/usr/lib/gcc/x86_64-linux-gnu/11/../../../x86_64-linux-gnu] ==> dir [/usr/lib/gcc/x86_64-linux-gnu/11/../../../x86_64-linux-gnu]
    arg [-L/usr/lib/gcc/x86_64-linux-gnu/11/../../../../lib] ==> dir [/usr/lib/gcc/x86_64-linux-gnu/11/../../../../lib]
    arg [-L/lib/x86_64-linux-gnu] ==> dir [/lib/x86_64-linux-gnu]
    arg [-L/lib/../lib] ==> dir [/lib/../lib]
    arg [-L/usr/lib/x86_64-linux-gnu] ==> dir [/usr/lib/x86_64-linux-gnu]
    arg [-L/usr/lib/../lib] ==> dir [/usr/lib/../lib]
    arg [-L/usr/lib/gcc/x86_64-linux-gnu/11/../../..] ==> dir [/usr/lib/gcc/x86_64-linux-gnu/11/../../..]
    arg [CMakeFiles/cmTC_1466c.dir/CMakeCXXCompilerABI.cpp.o] ==> ignore
    arg [-lstdc++] ==> lib [stdc++]
    arg [-lm] ==> lib [m]
    arg [-lgcc_s] ==> lib [gcc_s]
    arg [-lgcc] ==> lib [gcc]
    arg [-lc] ==> lib [c]
    arg [-lgcc_s] ==> lib [gcc_s]
    arg [-lgcc] ==> lib [gcc]
    arg [/usr/lib/gcc/x86_64-linux-gnu/11/crtendS.o] ==> obj [/usr/lib/gcc/x86_64-linux-gnu/11/crtendS.o]
    arg [/usr/lib/gcc/x86_64-linux-gnu/11/../../../x86_64-linux-gnu/crtn.o] ==> obj [/usr/lib/gcc/x86_64-linux-gnu/11/../../../x86_64-linux-gnu/crtn.o]
  collapse obj [/usr/lib/gcc/x86_64-linux-gnu/11/../../../x86_64-linux-gnu/Scrt1.o] ==> [/usr/lib/x86_64-linux-gnu/Scrt1.o]
  collapse obj [/usr/lib/gcc/x86_64-linux-gnu/11/../../../x86_64-linux-gnu/crti.o] ==> [/usr/lib/x86_64-linux-gnu/crti.o]
  collapse obj [/usr/lib/gcc/x86_64-linux-gnu/11/../../../x86_64-linux-gnu/crtn.o] ==> [/usr/lib/x86_64-linux-gnu/crtn.o]
  collapse library dir [/usr/lib/gcc/x86_64-linux-gnu/11] ==> [/usr/lib/gcc/x86_64-linux-gnu/11]
  collapse library dir [/usr/lib/gcc/x86_64-linux-gnu/11/../../../x86_64-linux-gnu] ==> [/usr/lib/x86_64-linux-gnu]
  collapse library dir [/usr/lib/gcc/x86_64-linux-gnu/11/../../../../lib] ==> [/usr/lib]
  collapse library dir [/lib/x86_64-linux-gnu] ==> [/lib/x86_64-linux-gnu]
  collapse library dir [/lib/../lib] ==> [/lib]
  collapse library dir [/usr/lib/x86_64-linux-gnu] ==> [/usr/lib/x86_64-linux-gnu]
  collapse library dir [/usr/lib/../lib] ==> [/usr/lib]
  collapse library dir [/usr/lib/gcc/x86_64-linux-gnu/11/../../..] ==> [/usr/lib]
  implicit libs: [stdc++;m;gcc_s;gcc;c;gcc_s;gcc]
  implicit objs: [/usr/lib/x86_64-linux-gnu/Scrt1.o;/usr/lib/x86_64-linux-gnu/crti.o;/usr/lib/gcc/x86_64-linux-gnu/11/crtbeginS.o;/usr/lib/gcc/x86_64-linux-gnu/11/crtendS.o;/usr/lib/x86_64-linux-gnu/crtn.o]
  implicit dirs: [/usr/lib/gcc/x86_64-linux-gnu/11;/usr/lib/x86_64-linux-gnu;/usr/lib;/lib/x86_64-linux-gnu;/lib]
  implicit fwks: []


Performing C++ SOURCE FILE Test flag_supported succeeded with the following output:
Change Dir: /home/guy/Documents/Semestre_8/Moteur_3D/project_renderer/build/CMakeFiles/CMakeTmp

Run Build Command(s):/usr/bin/gmake -f Makefile cmTC_eaa34/fast && /usr/bin/gmake  -f CMakeFiles/cmTC_eaa34.dir/build.make CMakeFiles/cmTC_eaa34.dir/build
gmake[1]: Entering directory '/home/guy/Documents/Semestre_8/Moteur_3D/project_renderer/build/CMakeFiles/CMakeTmp'
Building CXX object CMakeFiles/cmTC_eaa34.dir/src.cxx.o
/usr/bin/c++ -Dflag_supported  -Wall -o CMakeFiles/cmTC_eaa34.dir/src.cxx.o -c /home/guy/Documents/Semestre_8/Moteur_3D/project_renderer/build/CMakeFiles/CMakeTmp/src.cxx
Linking CXX executable cmTC_eaa34
/usr/bin/cmake -E cmake_link_script CMakeFiles/cmTC_eaa34.dir/link.txt --verbose=1
/usr/bin/c++ -rdynamic CMakeFiles/cmTC_eaa34.dir/src.cxx.o -o cmTC_eaa34 
gmake[1]: Leaving directory '/home/guy/Documents/Semestre_8/Moteur_3D/project_renderer/build/CMakeFiles/CMakeTmp'


Source file was:
int main() { return 0; }
Performing C++ SOURCE FILE Test flag_supported succeeded with the following output:
Change Dir: /home/guy/Documents/Semestre_8/Moteur_3D/project_renderer/build/CMakeFiles/CMakeTmp

Run Build Command(s):/usr/bin/gmake -f Makefile cmTC_34844/fast && /usr/bin/gmake  -f CMakeFiles/cmTC_34844.dir/build.make CMakeFiles/cmTC_34844.dir/build
gmake[1]: Entering directory '/home/guy/Documents/Semestre_8/Moteur_3D/project_renderer/build/CMakeFiles/CMakeTmp'
Building CXX object CMakeFiles/cmTC_34844.dir/src.cxx.o
/usr/bin/c++ -Dflag_supported  -Wall    -Wextra -o CMakeFiles/cmTC_34844.dir/src.cxx.o -c /home/guy/Documents/Semestre_8/Moteur_3D/project_renderer/build/CMakeFiles/CMakeTmp/src.cxx
Linking CXX executable cmTC_34844
/usr/bin/cmake -E cmake_link_script CMakeFiles/cmTC_34844.dir/link.txt --verbose=1
/usr/bin/c++  -Wall  -rdynamic CMakeFiles/cmTC_34844.dir/src.cxx.o -o cmTC_34844 
gmake[1]: Leaving directory '/home/guy/Documents/Semestre_8/Moteur_3D/project_renderer/build/CMakeFiles/CMakeTmp'


Source file was:
int main() { return 0; }
Performing C++ SOURCE FILE Test flag_supported succeeded with the following output:
Change Dir: /home/guy/Documents/Semestre_8/Moteur_3D/project_renderer/build/CMakeFiles/CMakeTmp

Run Build Command(s):/usr/bin/gmake -f Makefile cmTC_ba1e2/fast && /usr/bin/gmake  -f CMakeFiles/cmTC_ba1e2.dir/build.make CMakeFiles/cmTC_ba1e2.dir/build
gmake[1]: Entering directory '/home/guy/Documents/Semestre_8/Moteur_3D/project_renderer/build/CMakeFiles/CMakeTmp'
Building CXX object CMakeFiles/cmTC_ba1e2.dir/src.cxx.o
/usr/bin/c++ -Dflag_supported  -Wall -Wextra    -pedantic -o CMakeFiles/cmTC_ba1e2.dir/src.cxx.o -c /home/guy/Documents/Semestre_8/Moteur_3D/project_renderer/build/CMakeFiles/CMakeTmp/src.cxx
Linking CXX executable cmTC_ba1e2
/usr/bin/cmake -E cmake_link_script CMakeFiles/cmTC_ba1e2.dir/link.txt --verbose=1
/usr/bin/c++  -Wall -Wextra  -rdynamic CMakeFiles/cmTC_ba1e2.dir/src.cxx.o -o cmTC_ba1e2 
gmake[1]: Leaving directory '/home/guy/Documents/Semestre_8/Moteur_3D/project_renderer/build/CMakeFiles/CMakeTmp'


Source file was:
int main() { return 0; }
Performing C++ SOURCE FILE Test flag_supported succeeded with the following output:
Change Dir: /home/guy/Documents/Semestre_8/Moteur_3D/project_renderer/build/CMakeFiles/CMakeTmp

Run Build Command(s):/usr/bin/gmake -f Makefile cmTC_11623/fast && /usr/bin/gmake  -f CMakeFiles/cmTC_11623.dir/build.make CMakeFiles/cmTC_11623.dir/build
gmake[1]: Entering directory '/home/guy/Documents/Semestre_8/Moteur_3D/project_renderer/build/CMakeFiles/CMakeTmp'
Building CXX object CMakeFiles/cmTC_11623.dir/src.cxx.o
/usr/bin/c++ -Dflag_supported  -Wall -Wextra -pedantic    -std=c++11 -o CMakeFiles/cmTC_11623.dir/src.cxx.o -c /home/guy/Documents/Semestre_8/Moteur_3D/project_renderer/build/CMakeFiles/CMakeTmp/src.cxx
Linking CXX executable cmTC_11623
/usr/bin/cmake -E cmake_link_script CMakeFiles/cmTC_11623.dir/link.txt --verbose=1
/usr/bin/c++  -Wall -Wextra -pedantic  -rdynamic CMakeFiles/cmTC_11623.dir/src.cxx.o -o cmTC_11623 
gmake[1]: Leaving directory '/home/guy/Documents/Semestre_8/Moteur_3D/project_renderer/build/CMakeFiles/CMakeTmp'


Source file was:
int main() { return 0; }
Performing C++ SOURCE FILE Test flag_supported succeeded with the following output:
Change Dir: /home/guy/Documents/Semestre_8/Moteur_3D/project_renderer/build/CMakeFiles/CMakeTmp

Run Build Command(s):/usr/bin/gmake -f Makefile cmTC_aacbe/fast && /usr/bin/gmake  -f CMakeFiles/cmTC_aacbe.dir/build.make CMakeFiles/cmTC_aacbe.dir/build
gmake[1]: Entering directory '/home/guy/Documents/Semestre_8/Moteur_3D/project_renderer/build/CMakeFiles/CMakeTmp'
Building CXX object CMakeFiles/cmTC_aacbe.dir/src.cxx.o
/usr/bin/c++ -Dflag_supported  -Wall -Wextra -pedantic -std=c++11    -O3 -o CMakeFiles/cmTC_aacbe.dir/src.cxx.o -c /home/guy/Documents/Semestre_8/Moteur_3D/project_renderer/build/CMakeFiles/CMakeTmp/src.cxx
Linking CXX executable cmTC_aacbe
/usr/bin/cmake -E cmake_link_script CMakeFiles/cmTC_aacbe.dir/link.txt --verbose=1
/usr/bin/c++  -Wall -Wextra -pedantic -std=c++11  -rdynamic CMakeFiles/cmTC_aacbe.dir/src.cxx.o -o cmTC_aacbe 
gmake[1]: Leaving directory '/home/guy/Documents/Semestre_8/Moteur_3D/project_renderer/build/CMakeFiles/CMakeTmp'


Source file was:
int main() { return 0; }
Performing C++ SOURCE FILE Test flag_supported succeeded with the following output:
Change Dir: /home/guy/Documents/Semestre_8/Moteur_3D/project_renderer/build/CMakeFiles/CMakeTmp

Run Build Command(s):/usr/bin/gmake -f Makefile cmTC_2a30b/fast && /usr/bin/gmake  -f CMakeFiles/cmTC_2a30b.dir/build.make CMakeFiles/cmTC_2a30b.dir/build
gmake[1]: Entering directory '/home/guy/Documents/Semestre_8/Moteur_3D/project_renderer/build/CMakeFiles/CMakeTmp'
Building CXX object CMakeFiles/cmTC_2a30b.dir/src.cxx.o
/usr/bin/c++ -Dflag_supported  -Wall -Wextra -pedantic -std=c++11 -O3    -fopenmp -o CMakeFiles/cmTC_2a30b.dir/src.cxx.o -c /home/guy/Documents/Semestre_8/Moteur_3D/project_renderer/build/CMakeFiles/CMakeTmp/src.cxx
Linking CXX executable cmTC_2a30b
/usr/bin/cmake -E cmake_link_script CMakeFiles/cmTC_2a30b.dir/link.txt --verbose=1
/usr/bin/c++  -Wall -Wextra -pedantic -std=c++11 -O3  -rdynamic CMakeFiles/cmTC_2a30b.dir/src.cxx.o -o cmTC_2a30b 
gmake[1]: Leaving directory '/home/guy/Documents/Semestre_8/Moteur_3D/project_renderer/build/CMakeFiles/CMakeTmp'


Source file was:
int main() { return 0; }
Performing C++ SOURCE FILE Test flag_supported succeeded with the following output:
Change Dir: /home/guy/Documents/Semestre_8/Moteur_3D/project_renderer/build/CMakeFiles/CMakeTmp

Run Build Command(s):/usr/bin/gmake -f Makefile cmTC_91821/fast && /usr/bin/gmake  -f CMakeFiles/cmTC_91821.dir/build.make CMakeFiles/cmTC_91821.dir/build
gmake[1]: Entering directory '/home/guy/Documents/Semestre_8/Moteur_3D/project_renderer/build/CMakeFiles/CMakeTmp'
Building CXX object CMakeFiles/cmTC_91821.dir/src.cxx.o
/usr/bin/c++ -Dflag_supported  -Wall -o CMakeFiles/cmTC_91821.dir/src.cxx.o -c /home/guy/Documents/Semestre_8/Moteur_3D/project_renderer/build/CMakeFiles/CMakeTmp/src.cxx
Linking CXX executable cmTC_91821
/usr/bin/cmake -E cmake_link_script CMakeFiles/cmTC_91821.dir/link.txt --verbose=1
/usr/bin/c++ -rdynamic CMakeFiles/cmTC_91821.dir/src.cxx.o -o cmTC_91821 
gmake[1]: Leaving directory '/home/guy/Documents/Semestre_8/Moteur_3D/project_renderer/build/CMakeFiles/CMakeTmp'


Source file was:
int main() { return 0; }
Performing C++ SOURCE FILE Test flag_supported succeeded with the following output:
Change Dir: /home/guy/Documents/Semestre_8/Moteur_3D/project_renderer/build/CMakeFiles/CMakeTmp

Run Build Command(s):/usr/bin/gmake -f Makefile cmTC_c1ead/fast && /usr/bin/gmake  -f CMakeFiles/cmTC_c1ead.dir/build.make CMakeFiles/cmTC_c1ead.dir/build
gmake[1]: Entering directory '/home/guy/Documents/Semestre_8/Moteur_3D/project_renderer/build/CMakeFiles/CMakeTmp'
Building CXX object CMakeFiles/cmTC_c1ead.dir/src.cxx.o
/usr/bin/c++ -Dflag_supported  -Wall    -Wextra -o CMakeFiles/cmTC_c1ead.dir/src.cxx.o -c /home/guy/Documents/Semestre_8/Moteur_3D/project_renderer/build/CMakeFiles/CMakeTmp/src.cxx
Linking CXX executable cmTC_c1ead
/usr/bin/cmake -E cmake_link_script CMakeFiles/cmTC_c1ead.dir/link.txt --verbose=1
/usr/bin/c++  -Wall  -rdynamic CMakeFiles/cmTC_c1ead.dir/src.cxx.o -o cmTC_c1ead 
gmake[1]: Leaving directory '/home/guy/Documents/Semestre_8/Moteur_3D/project_renderer/build/CMakeFiles/CMakeTmp'


Source file was:
int main() { return 0; }
Performing C++ SOURCE FILE Test flag_supported succeeded with the following output:
Change Dir: /home/guy/Documents/Semestre_8/Moteur_3D/project_renderer/build/CMakeFiles/CMakeTmp

Run Build Command(s):/usr/bin/gmake -f Makefile cmTC_a4f62/fast && /usr/bin/gmake  -f CMakeFiles/cmTC_a4f62.dir/build.make CMakeFiles/cmTC_a4f62.dir/build
gmake[1]: Entering directory '/home/guy/Documents/Semestre_8/Moteur_3D/project_renderer/build/CMakeFiles/CMakeTmp'
Building CXX object CMakeFiles/cmTC_a4f62.dir/src.cxx.o
/usr/bin/c++ -Dflag_supported  -Wall -Wextra    -pedantic -o CMakeFiles/cmTC_a4f62.dir/src.cxx.o -c /home/guy/Documents/Semestre_8/Moteur_3D/project_renderer/build/CMakeFiles/CMakeTmp/src.cxx
Linking CXX executable cmTC_a4f62
/usr/bin/cmake -E cmake_link_script CMakeFiles/cmTC_a4f62.dir/link.txt --verbose=1
/usr/bin/c++  -Wall -Wextra  -rdynamic CMakeFiles/cmTC_a4f62.dir/src.cxx.o -o cmTC_a4f62 
gmake[1]: Leaving directory '/home/guy/Documents/Semestre_8/Moteur_3D/project_renderer/build/CMakeFiles/CMakeTmp'


Source file was:
int main() { return 0; }
Performing C++ SOURCE FILE Test flag_supported succeeded with the following output:
Change Dir: /home/guy/Documents/Semestre_8/Moteur_3D/project_renderer/build/CMakeFiles/CMakeTmp

Run Build Command(s):/usr/bin/gmake -f Makefile cmTC_a034c/fast && /usr/bin/gmake  -f CMakeFiles/cmTC_a034c.dir/build.make CMakeFiles/cmTC_a034c.dir/build
gmake[1]: Entering directory '/home/guy/Documents/Semestre_8/Moteur_3D/project_renderer/build/CMakeFiles/CMakeTmp'
Building CXX object CMakeFiles/cmTC_a034c.dir/src.cxx.o
/usr/bin/c++ -Dflag_supported  -Wall -Wextra -pedantic    -std=c++11 -o CMakeFiles/cmTC_a034c.dir/src.cxx.o -c /home/guy/Documents/Semestre_8/Moteur_3D/project_renderer/build/CMakeFiles/CMakeTmp/src.cxx
Linking CXX executable cmTC_a034c
/usr/bin/cmake -E cmake_link_script CMakeFiles/cmTC_a034c.dir/link.txt --verbose=1
/usr/bin/c++  -Wall -Wextra -pedantic  -rdynamic CMakeFiles/cmTC_a034c.dir/src.cxx.o -o cmTC_a034c 
gmake[1]: Leaving directory '/home/guy/Documents/Semestre_8/Moteur_3D/project_renderer/build/CMakeFiles/CMakeTmp'


Source file was:
int main() { return 0; }
Performing C++ SOURCE FILE Test flag_supported succeeded with the following output:
Change Dir: /home/guy/Documents/Semestre_8/Moteur_3D/project_renderer/build/CMakeFiles/CMakeTmp

Run Build Command(s):/usr/bin/gmake -f Makefile cmTC_12534/fast && /usr/bin/gmake  -f CMakeFiles/cmTC_12534.dir/build.make CMakeFiles/cmTC_12534.dir/build
gmake[1]: Entering directory '/home/guy/Documents/Semestre_8/Moteur_3D/project_renderer/build/CMakeFiles/CMakeTmp'
Building CXX object CMakeFiles/cmTC_12534.dir/src.cxx.o
/usr/bin/c++ -Dflag_supported  -Wall -Wextra -pedantic -std=c++11    -O3 -o CMakeFiles/cmTC_12534.dir/src.cxx.o -c /home/guy/Documents/Semestre_8/Moteur_3D/project_renderer/build/CMakeFiles/CMakeTmp/src.cxx
Linking CXX executable cmTC_12534
/usr/bin/cmake -E cmake_link_script CMakeFiles/cmTC_12534.dir/link.txt --verbose=1
/usr/bin/c++  -Wall -Wextra -pedantic -std=c++11  -rdynamic CMakeFiles/cmTC_12534.dir/src.cxx.o -o cmTC_12534 
gmake[1]: Leaving directory '/home/guy/Documents/Semestre_8/Moteur_3D/project_renderer/build/CMakeFiles/CMakeTmp'


Source file was:
int main() { return 0; }
Performing C++ SOURCE FILE Test flag_supported succeeded with the following output:
Change Dir: /home/guy/Documents/Semestre_8/Moteur_3D/project_renderer/build/CMakeFiles/CMakeTmp

Run Build Command(s):/usr/bin/gmake -f Makefile cmTC_04623/fast && /usr/bin/gmake  -f CMakeFiles/cmTC_04623.dir/build.make CMakeFiles/cmTC_04623.dir/build
gmake[1]: Entering directory '/home/guy/Documents/Semestre_8/Moteur_3D/project_renderer/build/CMakeFiles/CMakeTmp'
Building CXX object CMakeFiles/cmTC_04623.dir/src.cxx.o
/usr/bin/c++ -Dflag_supported  -Wall -Wextra -pedantic -std=c++11 -O3    -fopenmp -o CMakeFiles/cmTC_04623.dir/src.cxx.o -c /home/guy/Documents/Semestre_8/Moteur_3D/project_renderer/build/CMakeFiles/CMakeTmp/src.cxx
Linking CXX executable cmTC_04623
/usr/bin/cmake -E cmake_link_script CMakeFiles/cmTC_04623.dir/link.txt --verbose=1
/usr/bin/c++  -Wall -Wextra -pedantic -std=c++11 -O3  -rdynamic CMakeFiles/cmTC_04623.dir/src.cxx.o -o cmTC_04623 
gmake[1]: Leaving directory '/home/guy/Documents/Semestre_8/Moteur_3D/project_renderer/build/CMakeFiles/CMakeTmp'


Source file was:
int main() { return 0; }
Performing C++ SOURCE FILE Test flag_supported succeeded with the following output:
Change Dir: /home/guy/Documents/Semestre_8/Moteur_3D/project_renderer/build/CMakeFiles/CMakeTmp

Run Build Command(s):/usr/bin/gmake -f Makefile cmTC_3e2d9/fast && /usr/bin/gmake  -f CMakeFiles/cmTC_3e2d9.dir/build.make CMakeFiles/cmTC_3e2d9.dir/build
gmake[1]: Entering directory '/home/guy/Documents/Semestre_8/Moteur_3D/project_renderer/build/CMakeFiles/CMakeTmp'
Building CXX object CMakeFiles/cmTC_3e2d9.dir/src.cxx.o
/usr/bin/c++ -Dflag_supported  -Wall -o CMakeFiles/cmTC_3e2d9.dir/src.cxx.o -c /home/guy/Documents/Semestre_8/Moteur_3D/project_renderer/build/CMakeFiles/CMakeTmp/src.cxx
Linking CXX executable cmTC_3e2d9
/usr/bin/cmake -E cmake_link_script CMakeFiles/cmTC_3e2d9.dir/link.txt --verbose=1
/usr/bin/c++ -rdynamic CMakeFiles/cmTC_3e2d9.dir/src.cxx.o -o cmTC_3e2d9 
gmake[1]: Leaving directory '/home/guy/Documents/Semestre_8/Moteur_3D/project_renderer/build/CMakeFiles/CMakeTmp'


Source file was:
int main() { return 0; }
Performing C++ SOURCE FILE Test flag_supported succeeded with the following output:
Change Dir: /home/guy/Documents/Semestre_8/Moteur_3D/project_renderer/build/CMakeFiles/CMakeTmp

Run Build Command(s):/usr/bin/gmake -f Makefile cmTC_768ec/fast && /usr/bin/gmake  -f CMakeFiles/cmTC_768ec.dir/build.make CMakeFiles/cmTC_768ec.dir/build
gmake[1]: Entering directory '/home/guy/Documents/Semestre_8/Moteur_3D/project_renderer/build/CMakeFiles/CMakeTmp'
Building CXX object CMakeFiles/cmTC_768ec.dir/src.cxx.o
/usr/bin/c++ -Dflag_supported  -Wall    -Wextra -o CMakeFiles/cmTC_768ec.dir/src.cxx.o -c /home/guy/Documents/Semestre_8/Moteur_3D/project_renderer/build/CMakeFiles/CMakeTmp/src.cxx
Linking CXX executable cmTC_768ec
/usr/bin/cmake -E cmake_link_script CMakeFiles/cmTC_768ec.dir/link.txt --verbose=1
/usr/bin/c++  -Wall  -rdynamic CMakeFiles/cmTC_768ec.dir/src.cxx.o -o cmTC_768ec 
gmake[1]: Leaving directory '/home/guy/Documents/Semestre_8/Moteur_3D/project_renderer/build/CMakeFiles/CMakeTmp'


Source file was:
int main() { return 0; }
Performing C++ SOURCE FILE Test flag_supported succeeded with the following output:
Change Dir: /home/guy/Documents/Semestre_8/Moteur_3D/project_renderer/build/CMakeFiles/CMakeTmp

Run Build Command(s):/usr/bin/gmake -f Makefile cmTC_944d4/fast && /usr/bin/gmake  -f CMakeFiles/cmTC_944d4.dir/build.make CMakeFiles/cmTC_944d4.dir/build
gmake[1]: Entering directory '/home/guy/Documents/Semestre_8/Moteur_3D/project_renderer/build/CMakeFiles/CMakeTmp'
Building CXX object CMakeFiles/cmTC_944d4.dir/src.cxx.o
/usr/bin/c++ -Dflag_supported  -Wall -Wextra    -pedantic -o CMakeFiles/cmTC_944d4.dir/src.cxx.o -c /home/guy/Documents/Semestre_8/Moteur_3D/project_renderer/build/CMakeFiles/CMakeTmp/src.cxx
Linking CXX executable cmTC_944d4
/usr/bin/cmake -E cmake_link_script CMakeFiles/cmTC_944d4.dir/link.txt --verbose=1
/usr/bin/c++  -Wall -Wextra  -rdynamic CMakeFiles/cmTC_944d4.dir/src.cxx.o -o cmTC_944d4 
gmake[1]: Leaving directory '/home/guy/Documents/Semestre_8/Moteur_3D/project_renderer/build/CMakeFiles/CMakeTmp'


Source file was:
int main() { return 0; }
Performing C++ SOURCE FILE Test flag_supported succeeded with the following output:
Change Dir: /home/guy/Documents/Semestre_8/Moteur_3D/project_renderer/build/CMakeFiles/CMakeTmp

Run Build Command(s):/usr/bin/gmake -f Makefile cmTC_eb46d/fast && /usr/bin/gmake  -f CMakeFiles/cmTC_eb46d.dir/build.make CMakeFiles/cmTC_eb46d.dir/build
gmake[1]: Entering directory '/home/guy/Documents/Semestre_8/Moteur_3D/project_renderer/build/CMakeFiles/CMakeTmp'
Building CXX object CMakeFiles/cmTC_eb46d.dir/src.cxx.o
/usr/bin/c++ -Dflag_supported  -Wall -Wextra -pedantic    -std=c++11 -o CMakeFiles/cmTC_eb46d.dir/src.cxx.o -c /home/guy/Documents/Semestre_8/Moteur_3D/project_renderer/build/CMakeFiles/CMakeTmp/src.cxx
Linking CXX executable cmTC_eb46d
/usr/bin/cmake -E cmake_link_script CMakeFiles/cmTC_eb46d.dir/link.txt --verbose=1
/usr/bin/c++  -Wall -Wextra -pedantic  -rdynamic CMakeFiles/cmTC_eb46d.dir/src.cxx.o -o cmTC_eb46d 
gmake[1]: Leaving directory '/home/guy/Documents/Semestre_8/Moteur_3D/project_renderer/build/CMakeFiles/CMakeTmp'


Source file was:
int main() { return 0; }
Performing C++ SOURCE FILE Test flag_supported succeeded with the following output:
Change Dir: /home/guy/Documents/Semestre_8/Moteur_3D/project_renderer/build/CMakeFiles/CMakeTmp

Run Build Command(s):/usr/bin/gmake -f Makefile cmTC_28e4c/fast && /usr/bin/gmake  -f CMakeFiles/cmTC_28e4c.dir/build.make CMakeFiles/cmTC_28e4c.dir/build
gmake[1]: Entering directory '/home/guy/Documents/Semestre_8/Moteur_3D/project_renderer/build/CMakeFiles/CMakeTmp'
Building CXX object CMakeFiles/cmTC_28e4c.dir/src.cxx.o
/usr/bin/c++ -Dflag_supported  -Wall -Wextra -pedantic -std=c++11    -O3 -o CMakeFiles/cmTC_28e4c.dir/src.cxx.o -c /home/guy/Documents/Semestre_8/Moteur_3D/project_renderer/build/CMakeFiles/CMakeTmp/src.cxx
Linking CXX executable cmTC_28e4c
/usr/bin/cmake -E cmake_link_script CMakeFiles/cmTC_28e4c.dir/link.txt --verbose=1
/usr/bin/c++  -Wall -Wextra -pedantic -std=c++11  -rdynamic CMakeFiles/cmTC_28e4c.dir/src.cxx.o -o cmTC_28e4c 
gmake[1]: Leaving directory '/home/guy/Documents/Semestre_8/Moteur_3D/project_renderer/build/CMakeFiles/CMakeTmp'


Source file was:
int main() { return 0; }
Performing C++ SOURCE FILE Test flag_supported succeeded with the following output:
Change Dir: /home/guy/Documents/Semestre_8/Moteur_3D/project_renderer/build/CMakeFiles/CMakeTmp

Run Build Command(s):/usr/bin/gmake -f Makefile cmTC_3b63f/fast && /usr/bin/gmake  -f CMakeFiles/cmTC_3b63f.dir/build.make CMakeFiles/cmTC_3b63f.dir/build
gmake[1]: Entering directory '/home/guy/Documents/Semestre_8/Moteur_3D/project_renderer/build/CMakeFiles/CMakeTmp'
Building CXX object CMakeFiles/cmTC_3b63f.dir/src.cxx.o
/usr/bin/c++ -Dflag_supported  -Wall -Wextra -pedantic -std=c++11 -O3    -fopenmp -o CMakeFiles/cmTC_3b63f.dir/src.cxx.o -c /home/guy/Documents/Semestre_8/Moteur_3D/project_renderer/build/CMakeFiles/CMakeTmp/src.cxx
Linking CXX executable cmTC_3b63f
/usr/bin/cmake -E cmake_link_script CMakeFiles/cmTC_3b63f.dir/link.txt --verbose=1
/usr/bin/c++  -Wall -Wextra -pedantic -std=c++11 -O3  -rdynamic CMakeFiles/cmTC_3b63f.dir/src.cxx.o -o cmTC_3b63f 
gmake[1]: Leaving directory '/home/guy/Documents/Semestre_8/Moteur_3D/project_renderer/build/CMakeFiles/CMakeTmp'


Source file was:
int main() { return 0; }
Performing C++ SOURCE FILE Test flag_supported succeeded with the following output:
Change Dir: /home/guy/Documents/Semestre_8/Moteur_3D/project_renderer/build/CMakeFiles/CMakeTmp

Run Build Command(s):/usr/bin/gmake -f Makefile cmTC_17c01/fast && /usr/bin/gmake  -f CMakeFiles/cmTC_17c01.dir/build.make CMakeFiles/cmTC_17c01.dir/build
gmake[1]: Entering directory '/home/guy/Documents/Semestre_8/Moteur_3D/project_renderer/build/CMakeFiles/CMakeTmp'
Building CXX object CMakeFiles/cmTC_17c01.dir/src.cxx.o
/usr/bin/c++ -Dflag_supported  -Wall -o CMakeFiles/cmTC_17c01.dir/src.cxx.o -c /home/guy/Documents/Semestre_8/Moteur_3D/project_renderer/build/CMakeFiles/CMakeTmp/src.cxx
Linking CXX executable cmTC_17c01
/usr/bin/cmake -E cmake_link_script CMakeFiles/cmTC_17c01.dir/link.txt --verbose=1
/usr/bin/c++ -rdynamic CMakeFiles/cmTC_17c01.dir/src.cxx.o -o cmTC_17c01 
gmake[1]: Leaving directory '/home/guy/Documents/Semestre_8/Moteur_3D/project_renderer/build/CMakeFiles/CMakeTmp'


Source file was:
int main() { return 0; }
Performing C++ SOURCE FILE Test flag_supported succeeded with the following output:
Change Dir: /home/guy/Documents/Semestre_8/Moteur_3D/project_renderer/build/CMakeFiles/CMakeTmp

Run Build Command(s):/usr/bin/gmake -f Makefile cmTC_55b03/fast && /usr/bin/gmake  -f CMakeFiles/cmTC_55b03.dir/build.make CMakeFiles/cmTC_55b03.dir/build
gmake[1]: Entering directory '/home/guy/Documents/Semestre_8/Moteur_3D/project_renderer/build/CMakeFiles/CMakeTmp'
Building CXX object CMakeFiles/cmTC_55b03.dir/src.cxx.o
/usr/bin/c++ -Dflag_supported  -Wall    -Wextra -o CMakeFiles/cmTC_55b03.dir/src.cxx.o -c /home/guy/Documents/Semestre_8/Moteur_3D/project_renderer/build/CMakeFiles/CMakeTmp/src.cxx
Linking CXX executable cmTC_55b03
/usr/bin/cmake -E cmake_link_script CMakeFiles/cmTC_55b03.dir/link.txt --verbose=1
/usr/bin/c++  -Wall  -rdynamic CMakeFiles/cmTC_55b03.dir/src.cxx.o -o cmTC_55b03 
gmake[1]: Leaving directory '/home/guy/Documents/Semestre_8/Moteur_3D/project_renderer/build/CMakeFiles/CMakeTmp'


Source file was:
int main() { return 0; }
Performing C++ SOURCE FILE Test flag_supported succeeded with the following output:
Change Dir: /home/guy/Documents/Semestre_8/Moteur_3D/project_renderer/build/CMakeFiles/CMakeTmp

Run Build Command(s):/usr/bin/gmake -f Makefile cmTC_2ae0e/fast && /usr/bin/gmake  -f CMakeFiles/cmTC_2ae0e.dir/build.make CMakeFiles/cmTC_2ae0e.dir/build
gmake[1]: Entering directory '/home/guy/Documents/Semestre_8/Moteur_3D/project_renderer/build/CMakeFiles/CMakeTmp'
Building CXX object CMakeFiles/cmTC_2ae0e.dir/src.cxx.o
/usr/bin/c++ -Dflag_supported  -Wall -Wextra    -pedantic -o CMakeFiles/cmTC_2ae0e.dir/src.cxx.o -c /home/guy/Documents/Semestre_8/Moteur_3D/project_renderer/build/CMakeFiles/CMakeTmp/src.cxx
Linking CXX executable cmTC_2ae0e
/usr/bin/cmake -E cmake_link_script CMakeFiles/cmTC_2ae0e.dir/link.txt --verbose=1
/usr/bin/c++  -Wall -Wextra  -rdynamic CMakeFiles/cmTC_2ae0e.dir/src.cxx.o -o cmTC_2ae0e 
gmake[1]: Leaving directory '/home/guy/Documents/Semestre_8/Moteur_3D/project_renderer/build/CMakeFiles/CMakeTmp'


Source file was:
int main() { return 0; }
Performing C++ SOURCE FILE Test flag_supported succeeded with the following output:
Change Dir: /home/guy/Documents/Semestre_8/Moteur_3D/project_renderer/build/CMakeFiles/CMakeTmp

Run Build Command(s):/usr/bin/gmake -f Makefile cmTC_97be7/fast && /usr/bin/gmake  -f CMakeFiles/cmTC_97be7.dir/build.make CMakeFiles/cmTC_97be7.dir/build
gmake[1]: Entering directory '/home/guy/Documents/Semestre_8/Moteur_3D/project_renderer/build/CMakeFiles/CMakeTmp'
Building CXX object CMakeFiles/cmTC_97be7.dir/src.cxx.o
/usr/bin/c++ -Dflag_supported  -Wall -Wextra -pedantic    -std=c++11 -o CMakeFiles/cmTC_97be7.dir/src.cxx.o -c /home/guy/Documents/Semestre_8/Moteur_3D/project_renderer/build/CMakeFiles/CMakeTmp/src.cxx
Linking CXX executable cmTC_97be7
/usr/bin/cmake -E cmake_link_script CMakeFiles/cmTC_97be7.dir/link.txt --verbose=1
/usr/bin/c++  -Wall -Wextra -pedantic  -rdynamic CMakeFiles/cmTC_97be7.dir/src.cxx.o -o cmTC_97be7 
gmake[1]: Leaving directory '/home/guy/Documents/Semestre_8/Moteur_3D/project_renderer/build/CMakeFiles/CMakeTmp'


Source file was:
int main() { return 0; }
Performing C++ SOURCE FILE Test flag_supported succeeded with the following output:
Change Dir: /home/guy/Documents/Semestre_8/Moteur_3D/project_renderer/build/CMakeFiles/CMakeTmp

Run Build Command(s):/usr/bin/gmake -f Makefile cmTC_35b7c/fast && /usr/bin/gmake  -f CMakeFiles/cmTC_35b7c.dir/build.make CMakeFiles/cmTC_35b7c.dir/build
gmake[1]: Entering directory '/home/guy/Documents/Semestre_8/Moteur_3D/project_renderer/build/CMakeFiles/CMakeTmp'
Building CXX object CMakeFiles/cmTC_35b7c.dir/src.cxx.o
/usr/bin/c++ -Dflag_supported  -Wall -Wextra -pedantic -std=c++11    -O3 -o CMakeFiles/cmTC_35b7c.dir/src.cxx.o -c /home/guy/Documents/Semestre_8/Moteur_3D/project_renderer/build/CMakeFiles/CMakeTmp/src.cxx
Linking CXX executable cmTC_35b7c
/usr/bin/cmake -E cmake_link_script CMakeFiles/cmTC_35b7c.dir/link.txt --verbose=1
/usr/bin/c++  -Wall -Wextra -pedantic -std=c++11  -rdynamic CMakeFiles/cmTC_35b7c.dir/src.cxx.o -o cmTC_35b7c 
gmake[1]: Leaving directory '/home/guy/Documents/Semestre_8/Moteur_3D/project_renderer/build/CMakeFiles/CMakeTmp'


Source file was:
int main() { return 0; }
Performing C++ SOURCE FILE Test flag_supported succeeded with the following output:
Change Dir: /home/guy/Documents/Semestre_8/Moteur_3D/project_renderer/build/CMakeFiles/CMakeTmp

Run Build Command(s):/usr/bin/gmake -f Makefile cmTC_377d8/fast && /usr/bin/gmake  -f CMakeFiles/cmTC_377d8.dir/build.make CMakeFiles/cmTC_377d8.dir/build
gmake[1]: Entering directory '/home/guy/Documents/Semestre_8/Moteur_3D/project_renderer/build/CMakeFiles/CMakeTmp'
Building CXX object CMakeFiles/cmTC_377d8.dir/src.cxx.o
/usr/bin/c++ -Dflag_supported  -Wall -Wextra -pedantic -std=c++11 -O3    -fopenmp -o CMakeFiles/cmTC_377d8.dir/src.cxx.o -c /home/guy/Documents/Semestre_8/Moteur_3D/project_renderer/build/CMakeFiles/CMakeTmp/src.cxx
Linking CXX executable cmTC_377d8
/usr/bin/cmake -E cmake_link_script CMakeFiles/cmTC_377d8.dir/link.txt --verbose=1
/usr/bin/c++  -Wall -Wextra -pedantic -std=c++11 -O3  -rdynamic CMakeFiles/cmTC_377d8.dir/src.cxx.o -o cmTC_377d8 
gmake[1]: Leaving directory '/home/guy/Documents/Semestre_8/Moteur_3D/project_renderer/build/CMakeFiles/CMakeTmp'


Source file was:
int main() { return 0; }
Performing C++ SOURCE FILE Test flag_supported succeeded with the following output:
Change Dir: /home/guy/Documents/Semestre_8/Moteur_3D/project_renderer/build/CMakeFiles/CMakeTmp

Run Build Command(s):/usr/bin/gmake -f Makefile cmTC_f873c/fast && /usr/bin/gmake  -f CMakeFiles/cmTC_f873c.dir/build.make CMakeFiles/cmTC_f873c.dir/build
gmake[1]: Entering directory '/home/guy/Documents/Semestre_8/Moteur_3D/project_renderer/build/CMakeFiles/CMakeTmp'
Building CXX object CMakeFiles/cmTC_f873c.dir/src.cxx.o
/usr/bin/c++ -Dflag_supported  -Wall -o CMakeFiles/cmTC_f873c.dir/src.cxx.o -c /home/guy/Documents/Semestre_8/Moteur_3D/project_renderer/build/CMakeFiles/CMakeTmp/src.cxx
Linking CXX executable cmTC_f873c
/usr/bin/cmake -E cmake_link_script CMakeFiles/cmTC_f873c.dir/link.txt --verbose=1
/usr/bin/c++ -rdynamic CMakeFiles/cmTC_f873c.dir/src.cxx.o -o cmTC_f873c 
gmake[1]: Leaving directory '/home/guy/Documents/Semestre_8/Moteur_3D/project_renderer/build/CMakeFiles/CMakeTmp'


Source file was:
int main() { return 0; }
Performing C++ SOURCE FILE Test flag_supported succeeded with the following output:
Change Dir: /home/guy/Documents/Semestre_8/Moteur_3D/project_renderer/build/CMakeFiles/CMakeTmp

Run Build Command(s):/usr/bin/gmake -f Makefile cmTC_21067/fast && /usr/bin/gmake  -f CMakeFiles/cmTC_21067.dir/build.make CMakeFiles/cmTC_21067.dir/build
gmake[1]: Entering directory '/home/guy/Documents/Semestre_8/Moteur_3D/project_renderer/build/CMakeFiles/CMakeTmp'
Building CXX object CMakeFiles/cmTC_21067.dir/src.cxx.o
/usr/bin/c++ -Dflag_supported  -Wall    -Wextra -o CMakeFiles/cmTC_21067.dir/src.cxx.o -c /home/guy/Documents/Semestre_8/Moteur_3D/project_renderer/build/CMakeFiles/CMakeTmp/src.cxx
Linking CXX executable cmTC_21067
/usr/bin/cmake -E cmake_link_script CMakeFiles/cmTC_21067.dir/link.txt --verbose=1
/usr/bin/c++  -Wall  -rdynamic CMakeFiles/cmTC_21067.dir/src.cxx.o -o cmTC_21067 
gmake[1]: Leaving directory '/home/guy/Documents/Semestre_8/Moteur_3D/project_renderer/build/CMakeFiles/CMakeTmp'


Source file was:
int main() { return 0; }
Performing C++ SOURCE FILE Test flag_supported succeeded with the following output:
Change Dir: /home/guy/Documents/Semestre_8/Moteur_3D/project_renderer/build/CMakeFiles/CMakeTmp

Run Build Command(s):/usr/bin/gmake -f Makefile cmTC_89631/fast && /usr/bin/gmake  -f CMakeFiles/cmTC_89631.dir/build.make CMakeFiles/cmTC_89631.dir/build
gmake[1]: Entering directory '/home/guy/Documents/Semestre_8/Moteur_3D/project_renderer/build/CMakeFiles/CMakeTmp'
Building CXX object CMakeFiles/cmTC_89631.dir/src.cxx.o
/usr/bin/c++ -Dflag_supported  -Wall -Wextra    -pedantic -o CMakeFiles/cmTC_89631.dir/src.cxx.o -c /home/guy/Documents/Semestre_8/Moteur_3D/project_renderer/build/CMakeFiles/CMakeTmp/src.cxx
Linking CXX executable cmTC_89631
/usr/bin/cmake -E cmake_link_script CMakeFiles/cmTC_89631.dir/link.txt --verbose=1
/usr/bin/c++  -Wall -Wextra  -rdynamic CMakeFiles/cmTC_89631.dir/src.cxx.o -o cmTC_89631 
gmake[1]: Leaving directory '/home/guy/Documents/Semestre_8/Moteur_3D/project_renderer/build/CMakeFiles/CMakeTmp'


Source file was:
int main() { return 0; }
Performing C++ SOURCE FILE Test flag_supported succeeded with the following output:
Change Dir: /home/guy/Documents/Semestre_8/Moteur_3D/project_renderer/build/CMakeFiles/CMakeTmp

Run Build Command(s):/usr/bin/gmake -f Makefile cmTC_670e8/fast && /usr/bin/gmake  -f CMakeFiles/cmTC_670e8.dir/build.make CMakeFiles/cmTC_670e8.dir/build
gmake[1]: Entering directory '/home/guy/Documents/Semestre_8/Moteur_3D/project_renderer/build/CMakeFiles/CMakeTmp'
Building CXX object CMakeFiles/cmTC_670e8.dir/src.cxx.o
/usr/bin/c++ -Dflag_supported  -Wall -Wextra -pedantic    -std=c++11 -o CMakeFiles/cmTC_670e8.dir/src.cxx.o -c /home/guy/Documents/Semestre_8/Moteur_3D/project_renderer/build/CMakeFiles/CMakeTmp/src.cxx
Linking CXX executable cmTC_670e8
/usr/bin/cmake -E cmake_link_script CMakeFiles/cmTC_670e8.dir/link.txt --verbose=1
/usr/bin/c++  -Wall -Wextra -pedantic  -rdynamic CMakeFiles/cmTC_670e8.dir/src.cxx.o -o cmTC_670e8 
gmake[1]: Leaving directory '/home/guy/Documents/Semestre_8/Moteur_3D/project_renderer/build/CMakeFiles/CMakeTmp'


Source file was:
int main() { return 0; }
Performing C++ SOURCE FILE Test flag_supported succeeded with the following output:
Change Dir: /home/guy/Documents/Semestre_8/Moteur_3D/project_renderer/build/CMakeFiles/CMakeTmp

Run Build Command(s):/usr/bin/gmake -f Makefile cmTC_aa07d/fast && /usr/bin/gmake  -f CMakeFiles/cmTC_aa07d.dir/build.make CMakeFiles/cmTC_aa07d.dir/build
gmake[1]: Entering directory '/home/guy/Documents/Semestre_8/Moteur_3D/project_renderer/build/CMakeFiles/CMakeTmp'
Building CXX object CMakeFiles/cmTC_aa07d.dir/src.cxx.o
/usr/bin/c++ -Dflag_supported  -Wall -Wextra -pedantic -std=c++11    -O3 -o CMakeFiles/cmTC_aa07d.dir/src.cxx.o -c /home/guy/Documents/Semestre_8/Moteur_3D/project_renderer/build/CMakeFiles/CMakeTmp/src.cxx
Linking CXX executable cmTC_aa07d
/usr/bin/cmake -E cmake_link_script CMakeFiles/cmTC_aa07d.dir/link.txt --verbose=1
/usr/bin/c++  -Wall -Wextra -pedantic -std=c++11  -rdynamic CMakeFiles/cmTC_aa07d.dir/src.cxx.o -o cmTC_aa07d 
gmake[1]: Leaving directory '/home/guy/Documents/Semestre_8/Moteur_3D/project_renderer/build/CMakeFiles/CMakeTmp'


Source file was:
int main() { return 0; }
Performing C++ SOURCE FILE Test flag_supported succeeded with the following output:
Change Dir: /home/guy/Documents/Semestre_8/Moteur_3D/project_renderer/build/CMakeFiles/CMakeTmp

Run Build Command(s):/usr/bin/gmake -f Makefile cmTC_14222/fast && /usr/bin/gmake  -f CMakeFiles/cmTC_14222.dir/build.make CMakeFiles/cmTC_14222.dir/build
gmake[1]: Entering directory '/home/guy/Documents/Semestre_8/Moteur_3D/project_renderer/build/CMakeFiles/CMakeTmp'
Building CXX object CMakeFiles/cmTC_14222.dir/src.cxx.o
/usr/bin/c++ -Dflag_supported  -Wall -Wextra -pedantic -std=c++11 -O3    -fopenmp -o CMakeFiles/cmTC_14222.dir/src.cxx.o -c /home/guy/Documents/Semestre_8/Moteur_3D/project_renderer/build/CMakeFiles/CMakeTmp/src.cxx
Linking CXX executable cmTC_14222
/usr/bin/cmake -E cmake_link_script CMakeFiles/cmTC_14222.dir/link.txt --verbose=1
/usr/bin/c++  -Wall -Wextra -pedantic -std=c++11 -O3  -rdynamic CMakeFiles/cmTC_14222.dir/src.cxx.o -o cmTC_14222 
gmake[1]: Leaving directory '/home/guy/Documents/Semestre_8/Moteur_3D/project_renderer/build/CMakeFiles/CMakeTmp'


Source file was:
int main() { return 0; }
Performing C++ SOURCE FILE Test flag_supported succeeded with the following output:
Change Dir: /home/guy/Documents/Semestre_8/Moteur_3D/project_renderer/build/CMakeFiles/CMakeTmp

Run Build Command(s):/usr/bin/gmake -f Makefile cmTC_cc545/fast && /usr/bin/gmake  -f CMakeFiles/cmTC_cc545.dir/build.make CMakeFiles/cmTC_cc545.dir/build
gmake[1]: Entering directory '/home/guy/Documents/Semestre_8/Moteur_3D/project_renderer/build/CMakeFiles/CMakeTmp'
Building CXX object CMakeFiles/cmTC_cc545.dir/src.cxx.o
/usr/bin/c++ -Dflag_supported  -Wall -o CMakeFiles/cmTC_cc545.dir/src.cxx.o -c /home/guy/Documents/Semestre_8/Moteur_3D/project_renderer/build/CMakeFiles/CMakeTmp/src.cxx
Linking CXX executable cmTC_cc545
/usr/bin/cmake -E cmake_link_script CMakeFiles/cmTC_cc545.dir/link.txt --verbose=1
/usr/bin/c++ -rdynamic CMakeFiles/cmTC_cc545.dir/src.cxx.o -o cmTC_cc545 
gmake[1]: Leaving directory '/home/guy/Documents/Semestre_8/Moteur_3D/project_renderer/build/CMakeFiles/CMakeTmp'


Source file was:
int main() { return 0; }
Performing C++ SOURCE FILE Test flag_supported succeeded with the following output:
Change Dir: /home/guy/Documents/Semestre_8/Moteur_3D/project_renderer/build/CMakeFiles/CMakeTmp

Run Build Command(s):/usr/bin/gmake -f Makefile cmTC_a05c6/fast && /usr/bin/gmake  -f CMakeFiles/cmTC_a05c6.dir/build.make CMakeFiles/cmTC_a05c6.dir/build
gmake[1]: Entering directory '/home/guy/Documents/Semestre_8/Moteur_3D/project_renderer/build/CMakeFiles/CMakeTmp'
Building CXX object CMakeFiles/cmTC_a05c6.dir/src.cxx.o
/usr/bin/c++ -Dflag_supported  -Wall    -Wextra -o CMakeFiles/cmTC_a05c6.dir/src.cxx.o -c /home/guy/Documents/Semestre_8/Moteur_3D/project_renderer/build/CMakeFiles/CMakeTmp/src.cxx
Linking CXX executable cmTC_a05c6
/usr/bin/cmake -E cmake_link_script CMakeFiles/cmTC_a05c6.dir/link.txt --verbose=1
/usr/bin/c++  -Wall  -rdynamic CMakeFiles/cmTC_a05c6.dir/src.cxx.o -o cmTC_a05c6 
gmake[1]: Leaving directory '/home/guy/Documents/Semestre_8/Moteur_3D/project_renderer/build/CMakeFiles/CMakeTmp'


Source file was:
int main() { return 0; }
Performing C++ SOURCE FILE Test flag_supported succeeded with the following output:
Change Dir: /home/guy/Documents/Semestre_8/Moteur_3D/project_renderer/build/CMakeFiles/CMakeTmp

Run Build Command(s):/usr/bin/gmake -f Makefile cmTC_c1fa0/fast && /usr/bin/gmake  -f CMakeFiles/cmTC_c1fa0.dir/build.make CMakeFiles/cmTC_c1fa0.dir/build
gmake[1]: Entering directory '/home/guy/Documents/Semestre_8/Moteur_3D/project_renderer/build/CMakeFiles/CMakeTmp'
Building CXX object CMakeFiles/cmTC_c1fa0.dir/src.cxx.o
/usr/bin/c++ -Dflag_supported  -Wall -Wextra    -pedantic -o CMakeFiles/cmTC_c1fa0.dir/src.cxx.o -c /home/guy/Documents/Semestre_8/Moteur_3D/project_renderer/build/CMakeFiles/CMakeTmp/src.cxx
Linking CXX executable cmTC_c1fa0
/usr/bin/cmake -E cmake_link_script CMakeFiles/cmTC_c1fa0.dir/link.txt --verbose=1
/usr/bin/c++  -Wall -Wextra  -rdynamic CMakeFiles/cmTC_c1fa0.dir/src.cxx.o -o cmTC_c1fa0 
gmake[1]: Leaving directory '/home/guy/Documents/Semestre_8/Moteur_3D/project_renderer/build/CMakeFiles/CMakeTmp'


Source file was:
int main() { return 0; }
Performing C++ SOURCE FILE Test flag_supported succeeded with the following output:
Change Dir: /home/guy/Documents/Semestre_8/Moteur_3D/project_renderer/build/CMakeFiles/CMakeTmp

Run Build Command(s):/usr/bin/gmake -f Makefile cmTC_ecd09/fast && /usr/bin/gmake  -f CMakeFiles/cmTC_ecd09.dir/build.make CMakeFiles/cmTC_ecd09.dir/build
gmake[1]: Entering directory '/home/guy/Documents/Semestre_8/Moteur_3D/project_renderer/build/CMakeFiles/CMakeTmp'
Building CXX object CMakeFiles/cmTC_ecd09.dir/src.cxx.o
/usr/bin/c++ -Dflag_supported  -Wall -Wextra -pedantic    -std=c++11 -o CMakeFiles/cmTC_ecd09.dir/src.cxx.o -c /home/guy/Documents/Semestre_8/Moteur_3D/project_renderer/build/CMakeFiles/CMakeTmp/src.cxx
Linking CXX executable cmTC_ecd09
/usr/bin/cmake -E cmake_link_script CMakeFiles/cmTC_ecd09.dir/link.txt --verbose=1
/usr/bin/c++  -Wall -Wextra -pedantic  -rdynamic CMakeFiles/cmTC_ecd09.dir/src.cxx.o -o cmTC_ecd09 
gmake[1]: Leaving directory '/home/guy/Documents/Semestre_8/Moteur_3D/project_renderer/build/CMakeFiles/CMakeTmp'


Source file was:
int main() { return 0; }
Performing C++ SOURCE FILE Test flag_supported succeeded with the following output:
Change Dir: /home/guy/Documents/Semestre_8/Moteur_3D/project_renderer/build/CMakeFiles/CMakeTmp

Run Build Command(s):/usr/bin/gmake -f Makefile cmTC_5ccb9/fast && /usr/bin/gmake  -f CMakeFiles/cmTC_5ccb9.dir/build.make CMakeFiles/cmTC_5ccb9.dir/build
gmake[1]: Entering directory '/home/guy/Documents/Semestre_8/Moteur_3D/project_renderer/build/CMakeFiles/CMakeTmp'
Building CXX object CMakeFiles/cmTC_5ccb9.dir/src.cxx.o
/usr/bin/c++ -Dflag_supported  -Wall -Wextra -pedantic -std=c++11    -O3 -o CMakeFiles/cmTC_5ccb9.dir/src.cxx.o -c /home/guy/Documents/Semestre_8/Moteur_3D/project_renderer/build/CMakeFiles/CMakeTmp/src.cxx
Linking CXX executable cmTC_5ccb9
/usr/bin/cmake -E cmake_link_script CMakeFiles/cmTC_5ccb9.dir/link.txt --verbose=1
/usr/bin/c++  -Wall -Wextra -pedantic -std=c++11  -rdynamic CMakeFiles/cmTC_5ccb9.dir/src.cxx.o -o cmTC_5ccb9 
gmake[1]: Leaving directory '/home/guy/Documents/Semestre_8/Moteur_3D/project_renderer/build/CMakeFiles/CMakeTmp'


Source file was:
int main() { return 0; }
Performing C++ SOURCE FILE Test flag_supported succeeded with the following output:
Change Dir: /home/guy/Documents/Semestre_8/Moteur_3D/project_renderer/build/CMakeFiles/CMakeTmp

Run Build Command(s):/usr/bin/gmake -f Makefile cmTC_65958/fast && /usr/bin/gmake  -f CMakeFiles/cmTC_65958.dir/build.make CMakeFiles/cmTC_65958.dir/build
gmake[1]: Entering directory '/home/guy/Documents/Semestre_8/Moteur_3D/project_renderer/build/CMakeFiles/CMakeTmp'
Building CXX object CMakeFiles/cmTC_65958.dir/src.cxx.o
/usr/bin/c++ -Dflag_supported  -Wall -Wextra -pedantic -std=c++11 -O3    -fopenmp -o CMakeFiles/cmTC_65958.dir/src.cxx.o -c /home/guy/Documents/Semestre_8/Moteur_3D/project_renderer/build/CMakeFiles/CMakeTmp/src.cxx
Linking CXX executable cmTC_65958
/usr/bin/cmake -E cmake_link_script CMakeFiles/cmTC_65958.dir/link.txt --verbose=1
/usr/bin/c++  -Wall -Wextra -pedantic -std=c++11 -O3  -rdynamic CMakeFiles/cmTC_65958.dir/src.cxx.o -o cmTC_65958 
gmake[1]: Leaving directory '/home/guy/Documents/Semestre_8/Moteur_3D/project_renderer/build/CMakeFiles/CMakeTmp'


Source file was:
int main() { return 0; }
Performing C++ SOURCE FILE Test flag_supported succeeded with the following output:
Change Dir: /home/guy/Documents/Semestre_8/Moteur_3D/project_renderer/build/CMakeFiles/CMakeTmp

Run Build Command(s):/usr/bin/gmake -f Makefile cmTC_33002/fast && /usr/bin/gmake  -f CMakeFiles/cmTC_33002.dir/build.make CMakeFiles/cmTC_33002.dir/build
gmake[1]: Entering directory '/home/guy/Documents/Semestre_8/Moteur_3D/project_renderer/build/CMakeFiles/CMakeTmp'
Building CXX object CMakeFiles/cmTC_33002.dir/src.cxx.o
/usr/bin/c++ -Dflag_supported  -Wall -o CMakeFiles/cmTC_33002.dir/src.cxx.o -c /home/guy/Documents/Semestre_8/Moteur_3D/project_renderer/build/CMakeFiles/CMakeTmp/src.cxx
Linking CXX executable cmTC_33002
/usr/bin/cmake -E cmake_link_script CMakeFiles/cmTC_33002.dir/link.txt --verbose=1
/usr/bin/c++ -rdynamic CMakeFiles/cmTC_33002.dir/src.cxx.o -o cmTC_33002 
gmake[1]: Leaving directory '/home/guy/Documents/Semestre_8/Moteur_3D/project_renderer/build/CMakeFiles/CMakeTmp'


Source file was:
int main() { return 0; }
Performing C++ SOURCE FILE Test flag_supported succeeded with the following output:
Change Dir: /home/guy/Documents/Semestre_8/Moteur_3D/project_renderer/build/CMakeFiles/CMakeTmp

Run Build Command(s):/usr/bin/gmake -f Makefile cmTC_d26b4/fast && /usr/bin/gmake  -f CMakeFiles/cmTC_d26b4.dir/build.make CMakeFiles/cmTC_d26b4.dir/build
gmake[1]: Entering directory '/home/guy/Documents/Semestre_8/Moteur_3D/project_renderer/build/CMakeFiles/CMakeTmp'
Building CXX object CMakeFiles/cmTC_d26b4.dir/src.cxx.o
/usr/bin/c++ -Dflag_supported  -Wall    -Wextra -o CMakeFiles/cmTC_d26b4.dir/src.cxx.o -c /home/guy/Documents/Semestre_8/Moteur_3D/project_renderer/build/CMakeFiles/CMakeTmp/src.cxx
Linking CXX executable cmTC_d26b4
/usr/bin/cmake -E cmake_link_script CMakeFiles/cmTC_d26b4.dir/link.txt --verbose=1
/usr/bin/c++  -Wall  -rdynamic CMakeFiles/cmTC_d26b4.dir/src.cxx.o -o cmTC_d26b4 
gmake[1]: Leaving directory '/home/guy/Documents/Semestre_8/Moteur_3D/project_renderer/build/CMakeFiles/CMakeTmp'


Source file was:
int main() { return 0; }
Performing C++ SOURCE FILE Test flag_supported succeeded with the following output:
Change Dir: /home/guy/Documents/Semestre_8/Moteur_3D/project_renderer/build/CMakeFiles/CMakeTmp

Run Build Command(s):/usr/bin/gmake -f Makefile cmTC_31031/fast && /usr/bin/gmake  -f CMakeFiles/cmTC_31031.dir/build.make CMakeFiles/cmTC_31031.dir/build
gmake[1]: Entering directory '/home/guy/Documents/Semestre_8/Moteur_3D/project_renderer/build/CMakeFiles/CMakeTmp'
Building CXX object CMakeFiles/cmTC_31031.dir/src.cxx.o
/usr/bin/c++ -Dflag_supported  -Wall -Wextra    -pedantic -o CMakeFiles/cmTC_31031.dir/src.cxx.o -c /home/guy/Documents/Semestre_8/Moteur_3D/project_renderer/build/CMakeFiles/CMakeTmp/src.cxx
Linking CXX executable cmTC_31031
/usr/bin/cmake -E cmake_link_script CMakeFiles/cmTC_31031.dir/link.txt --verbose=1
/usr/bin/c++  -Wall -Wextra  -rdynamic CMakeFiles/cmTC_31031.dir/src.cxx.o -o cmTC_31031 
gmake[1]: Leaving directory '/home/guy/Documents/Semestre_8/Moteur_3D/project_renderer/build/CMakeFiles/CMakeTmp'


Source file was:
int main() { return 0; }
Performing C++ SOURCE FILE Test flag_supported succeeded with the following output:
Change Dir: /home/guy/Documents/Semestre_8/Moteur_3D/project_renderer/build/CMakeFiles/CMakeTmp

Run Build Command(s):/usr/bin/gmake -f Makefile cmTC_cff89/fast && /usr/bin/gmake  -f CMakeFiles/cmTC_cff89.dir/build.make CMakeFiles/cmTC_cff89.dir/build
gmake[1]: Entering directory '/home/guy/Documents/Semestre_8/Moteur_3D/project_renderer/build/CMakeFiles/CMakeTmp'
Building CXX object CMakeFiles/cmTC_cff89.dir/src.cxx.o
/usr/bin/c++ -Dflag_supported  -Wall -Wextra -pedantic    -std=c++11 -o CMakeFiles/cmTC_cff89.dir/src.cxx.o -c /home/guy/Documents/Semestre_8/Moteur_3D/project_renderer/build/CMakeFiles/CMakeTmp/src.cxx
Linking CXX executable cmTC_cff89
/usr/bin/cmake -E cmake_link_script CMakeFiles/cmTC_cff89.dir/link.txt --verbose=1
/usr/bin/c++  -Wall -Wextra -pedantic  -rdynamic CMakeFiles/cmTC_cff89.dir/src.cxx.o -o cmTC_cff89 
gmake[1]: Leaving directory '/home/guy/Documents/Semestre_8/Moteur_3D/project_renderer/build/CMakeFiles/CMakeTmp'


Source file was:
int main() { return 0; }
Performing C++ SOURCE FILE Test flag_supported succeeded with the following output:
Change Dir: /home/guy/Documents/Semestre_8/Moteur_3D/project_renderer/build/CMakeFiles/CMakeTmp

Run Build Command(s):/usr/bin/gmake -f Makefile cmTC_9d10d/fast && /usr/bin/gmake  -f CMakeFiles/cmTC_9d10d.dir/build.make CMakeFiles/cmTC_9d10d.dir/build
gmake[1]: Entering directory '/home/guy/Documents/Semestre_8/Moteur_3D/project_renderer/build/CMakeFiles/CMakeTmp'
Building CXX object CMakeFiles/cmTC_9d10d.dir/src.cxx.o
/usr/bin/c++ -Dflag_supported  -Wall -Wextra -pedantic -std=c++11    -O3 -o CMakeFiles/cmTC_9d10d.dir/src.cxx.o -c /home/guy/Documents/Semestre_8/Moteur_3D/project_renderer/build/CMakeFiles/CMakeTmp/src.cxx
Linking CXX executable cmTC_9d10d
/usr/bin/cmake -E cmake_link_script CMakeFiles/cmTC_9d10d.dir/link.txt --verbose=1
/usr/bin/c++  -Wall -Wextra -pedantic -std=c++11  -rdynamic CMakeFiles/cmTC_9d10d.dir/src.cxx.o -o cmTC_9d10d 
gmake[1]: Leaving directory '/home/guy/Documents/Semestre_8/Moteur_3D/project_renderer/build/CMakeFiles/CMakeTmp'


Source file was:
int main() { return 0; }
Performing C++ SOURCE FILE Test flag_supported succeeded with the following output:
Change Dir: /home/guy/Documents/Semestre_8/Moteur_3D/project_renderer/build/CMakeFiles/CMakeTmp

Run Build Command(s):/usr/bin/gmake -f Makefile cmTC_ac448/fast && /usr/bin/gmake  -f CMakeFiles/cmTC_ac448.dir/build.make CMakeFiles/cmTC_ac448.dir/build
gmake[1]: Entering directory '/home/guy/Documents/Semestre_8/Moteur_3D/project_renderer/build/CMakeFiles/CMakeTmp'
Building CXX object CMakeFiles/cmTC_ac448.dir/src.cxx.o
/usr/bin/c++ -Dflag_supported  -Wall -Wextra -pedantic -std=c++11 -O3    -fopenmp -o CMakeFiles/cmTC_ac448.dir/src.cxx.o -c /home/guy/Documents/Semestre_8/Moteur_3D/project_renderer/build/CMakeFiles/CMakeTmp/src.cxx
Linking CXX executable cmTC_ac448
/usr/bin/cmake -E cmake_link_script CMakeFiles/cmTC_ac448.dir/link.txt --verbose=1
/usr/bin/c++  -Wall -Wextra -pedantic -std=c++11 -O3  -rdynamic CMakeFiles/cmTC_ac448.dir/src.cxx.o -o cmTC_ac448 
gmake[1]: Leaving directory '/home/guy/Documents/Semestre_8/Moteur_3D/project_renderer/build/CMakeFiles/CMakeTmp'


Source file was:
int main() { return 0; }
Performing C++ SOURCE FILE Test flag_supported succeeded with the following output:
Change Dir: /home/guy/Documents/Semestre_8/Moteur_3D/project_renderer/build/CMakeFiles/CMakeTmp

Run Build Command(s):/usr/bin/gmake -f Makefile cmTC_f7b04/fast && /usr/bin/gmake  -f CMakeFiles/cmTC_f7b04.dir/build.make CMakeFiles/cmTC_f7b04.dir/build
gmake[1]: Entering directory '/home/guy/Documents/Semestre_8/Moteur_3D/project_renderer/build/CMakeFiles/CMakeTmp'
Building CXX object CMakeFiles/cmTC_f7b04.dir/src.cxx.o
/usr/bin/c++ -Dflag_supported  -Wall -o CMakeFiles/cmTC_f7b04.dir/src.cxx.o -c /home/guy/Documents/Semestre_8/Moteur_3D/project_renderer/build/CMakeFiles/CMakeTmp/src.cxx
Linking CXX executable cmTC_f7b04
/usr/bin/cmake -E cmake_link_script CMakeFiles/cmTC_f7b04.dir/link.txt --verbose=1
/usr/bin/c++ -rdynamic CMakeFiles/cmTC_f7b04.dir/src.cxx.o -o cmTC_f7b04 
gmake[1]: Leaving directory '/home/guy/Documents/Semestre_8/Moteur_3D/project_renderer/build/CMakeFiles/CMakeTmp'


Source file was:
int main() { return 0; }
Performing C++ SOURCE FILE Test flag_supported succeeded with the following output:
Change Dir: /home/guy/Documents/Semestre_8/Moteur_3D/project_renderer/build/CMakeFiles/CMakeTmp

Run Build Command(s):/usr/bin/gmake -f Makefile cmTC_5becf/fast && /usr/bin/gmake  -f CMakeFiles/cmTC_5becf.dir/build.make CMakeFiles/cmTC_5becf.dir/build
gmake[1]: Entering directory '/home/guy/Documents/Semestre_8/Moteur_3D/project_renderer/build/CMakeFiles/CMakeTmp'
Building CXX object CMakeFiles/cmTC_5becf.dir/src.cxx.o
/usr/bin/c++ -Dflag_supported  -Wall    -Wextra -o CMakeFiles/cmTC_5becf.dir/src.cxx.o -c /home/guy/Documents/Semestre_8/Moteur_3D/project_renderer/build/CMakeFiles/CMakeTmp/src.cxx
Linking CXX executable cmTC_5becf
/usr/bin/cmake -E cmake_link_script CMakeFiles/cmTC_5becf.dir/link.txt --verbose=1
/usr/bin/c++  -Wall  -rdynamic CMakeFiles/cmTC_5becf.dir/src.cxx.o -o cmTC_5becf 
gmake[1]: Leaving directory '/home/guy/Documents/Semestre_8/Moteur_3D/project_renderer/build/CMakeFiles/CMakeTmp'


Source file was:
int main() { return 0; }
Performing C++ SOURCE FILE Test flag_supported succeeded with the following output:
Change Dir: /home/guy/Documents/Semestre_8/Moteur_3D/project_renderer/build/CMakeFiles/CMakeTmp

Run Build Command(s):/usr/bin/gmake -f Makefile cmTC_0d668/fast && /usr/bin/gmake  -f CMakeFiles/cmTC_0d668.dir/build.make CMakeFiles/cmTC_0d668.dir/build
gmake[1]: Entering directory '/home/guy/Documents/Semestre_8/Moteur_3D/project_renderer/build/CMakeFiles/CMakeTmp'
Building CXX object CMakeFiles/cmTC_0d668.dir/src.cxx.o
/usr/bin/c++ -Dflag_supported  -Wall -Wextra    -pedantic -o CMakeFiles/cmTC_0d668.dir/src.cxx.o -c /home/guy/Documents/Semestre_8/Moteur_3D/project_renderer/build/CMakeFiles/CMakeTmp/src.cxx
Linking CXX executable cmTC_0d668
/usr/bin/cmake -E cmake_link_script CMakeFiles/cmTC_0d668.dir/link.txt --verbose=1
/usr/bin/c++  -Wall -Wextra  -rdynamic CMakeFiles/cmTC_0d668.dir/src.cxx.o -o cmTC_0d668 
gmake[1]: Leaving directory '/home/guy/Documents/Semestre_8/Moteur_3D/project_renderer/build/CMakeFiles/CMakeTmp'


Source file was:
int main() { return 0; }
Performing C++ SOURCE FILE Test flag_supported succeeded with the following output:
Change Dir: /home/guy/Documents/Semestre_8/Moteur_3D/project_renderer/build/CMakeFiles/CMakeTmp

Run Build Command(s):/usr/bin/gmake -f Makefile cmTC_2510e/fast && /usr/bin/gmake  -f CMakeFiles/cmTC_2510e.dir/build.make CMakeFiles/cmTC_2510e.dir/build
gmake[1]: Entering directory '/home/guy/Documents/Semestre_8/Moteur_3D/project_renderer/build/CMakeFiles/CMakeTmp'
Building CXX object CMakeFiles/cmTC_2510e.dir/src.cxx.o
/usr/bin/c++ -Dflag_supported  -Wall -Wextra -pedantic    -std=c++11 -o CMakeFiles/cmTC_2510e.dir/src.cxx.o -c /home/guy/Documents/Semestre_8/Moteur_3D/project_renderer/build/CMakeFiles/CMakeTmp/src.cxx
Linking CXX executable cmTC_2510e
/usr/bin/cmake -E cmake_link_script CMakeFiles/cmTC_2510e.dir/link.txt --verbose=1
/usr/bin/c++  -Wall -Wextra -pedantic  -rdynamic CMakeFiles/cmTC_2510e.dir/src.cxx.o -o cmTC_2510e 
gmake[1]: Leaving directory '/home/guy/Documents/Semestre_8/Moteur_3D/project_renderer/build/CMakeFiles/CMakeTmp'


Source file was:
int main() { return 0; }
Performing C++ SOURCE FILE Test flag_supported succeeded with the following output:
Change Dir: /home/guy/Documents/Semestre_8/Moteur_3D/project_renderer/build/CMakeFiles/CMakeTmp

Run Build Command(s):/usr/bin/gmake -f Makefile cmTC_a9311/fast && /usr/bin/gmake  -f CMakeFiles/cmTC_a9311.dir/build.make CMakeFiles/cmTC_a9311.dir/build
gmake[1]: Entering directory '/home/guy/Documents/Semestre_8/Moteur_3D/project_renderer/build/CMakeFiles/CMakeTmp'
Building CXX object CMakeFiles/cmTC_a9311.dir/src.cxx.o
/usr/bin/c++ -Dflag_supported  -Wall -Wextra -pedantic -std=c++11    -O3 -o CMakeFiles/cmTC_a9311.dir/src.cxx.o -c /home/guy/Documents/Semestre_8/Moteur_3D/project_renderer/build/CMakeFiles/CMakeTmp/src.cxx
Linking CXX executable cmTC_a9311
/usr/bin/cmake -E cmake_link_script CMakeFiles/cmTC_a9311.dir/link.txt --verbose=1
/usr/bin/c++  -Wall -Wextra -pedantic -std=c++11  -rdynamic CMakeFiles/cmTC_a9311.dir/src.cxx.o -o cmTC_a9311 
gmake[1]: Leaving directory '/home/guy/Documents/Semestre_8/Moteur_3D/project_renderer/build/CMakeFiles/CMakeTmp'


Source file was:
int main() { return 0; }
Performing C++ SOURCE FILE Test flag_supported succeeded with the following output:
Change Dir: /home/guy/Documents/Semestre_8/Moteur_3D/project_renderer/build/CMakeFiles/CMakeTmp

Run Build Command(s):/usr/bin/gmake -f Makefile cmTC_c1e75/fast && /usr/bin/gmake  -f CMakeFiles/cmTC_c1e75.dir/build.make CMakeFiles/cmTC_c1e75.dir/build
gmake[1]: Entering directory '/home/guy/Documents/Semestre_8/Moteur_3D/project_renderer/build/CMakeFiles/CMakeTmp'
Building CXX object CMakeFiles/cmTC_c1e75.dir/src.cxx.o
/usr/bin/c++ -Dflag_supported  -Wall -Wextra -pedantic -std=c++11 -O3    -fopenmp -o CMakeFiles/cmTC_c1e75.dir/src.cxx.o -c /home/guy/Documents/Semestre_8/Moteur_3D/project_renderer/build/CMakeFiles/CMakeTmp/src.cxx
Linking CXX executable cmTC_c1e75
/usr/bin/cmake -E cmake_link_script CMakeFiles/cmTC_c1e75.dir/link.txt --verbose=1
/usr/bin/c++  -Wall -Wextra -pedantic -std=c++11 -O3  -rdynamic CMakeFiles/cmTC_c1e75.dir/src.cxx.o -o cmTC_c1e75 
gmake[1]: Leaving directory '/home/guy/Documents/Semestre_8/Moteur_3D/project_renderer/build/CMakeFiles/CMakeTmp'


Source file was:
int main() { return 0; }
